<?xml version="1.0" encoding="UTF-8"?>
<testsuite xmlns:xsi="http://www.w3.org/2001/XMLSchema-instance" xsi:noNamespaceSchemaLocation="https://maven.apache.org/surefire/maven-surefire-plugin/xsd/surefire-test-report-3.0.xsd" version="3.0" name="TestSuite" time="6.687" tests="10" errors="0" skipped="0" failures="0">
  <properties>
[...]
</properties>
  <testcase name="testLoginMissingEmail" classname="com.testing.AuthorizationTest" time="2.003">
    <system-out><![CDATA[Request method:	POST
Request URI:	https://reqres.in/api/login
Proxy:			<none>
Request params:	<none>
Query params:	<none>
Form params:	<none>
Path params:	<none>
Headers:		Accept=application/json
				x-api-key=reqres_d708866ddc594d8cb8b8c8407fd2e070
				Content-Type=application/json
Cookies:		<none>
Multiparts:		<none>
Body:
{
    "password": "cityslicka"
}
HTTP/1.1 400 Bad Request
Date: Tue, 24 Mar 2026 07:01:40 GMT
Content-Type: application/json; charset=utf-8
Content-Length: 37
Connection: keep-alive
Access-Control-Allow-Origin: *
Cache-Control: no-store
Cross-Origin-Opener-Policy: same-origin
Cross-Origin-Resource-Policy: same-origin
Etag: W/"25-Ik70kof1lbc973ShN5FoVPxYn7A"
Nel: {"report_to":"heroku-nel","response_headers":["Via"],"max_age":3600,"success_fraction":0.01,"failure_fraction":0.1}
Origin-Agent-Cluster: ?1
Referrer-Policy: strict-origin-when-cross-origin
Report-To: {"group":"heroku-nel","endpoints":[{"url":"https://nel.heroku.com/reports?s=l6Cr5k3gaVMYyTqIjalN2Kf1Bm4V%2BbJ8L%2FvohMb3tiQ%3D\u0026sid=c4c9725f-1ab0-44d8-820f-430df2718e11\u0026ts=1774335700"}],"max_age":3600}
Reporting-Endpoints: heroku-nel="https://nel.heroku.com/reports?s=l6Cr5k3gaVMYyTqIjalN2Kf1Bm4V%2BbJ8L%2FvohMb3tiQ%3D&sid=c4c9725f-1ab0-44d8-820f-430df2718e11&ts=1774335700"
Server: cloudflare
Strict-Transport-Security: max-age=31536000; includeSubDomains
Via: 1.1 heroku-router
X-Content-Type-Options: nosniff
X-Dns-Prefetch-Control: off
X-Download-Options: noopen
X-Frame-Options: DENY
X-Permitted-Cross-Domain-Policies: none
X-Powered-By: ReqRes.in - Deploy backends in 30 seconds
X-Ratelimit-Limit: 250
X-Ratelimit-Remaining: 230
X-Ratelimit-Reset: 1774396800
X-Reqres-Docs: https://reqres.in
X-Reqres-Message: This API is powered by ReqRes. Deploy your own backend in 30 seconds!
X-Reqres-Templates: https://app.reqres.in/templates
X-Reqres-Tip: Generate a complete backend from a description - app.reqres.in/dashboard
X-Reqres-Trial: true
X-Reqres-Trial-Days-Remaining: 14
X-Reqres-Trial-Expires: 2026-04-07T06:38:55.777Z
X-Reqres-Upgrade: https://app.reqres.in/upgrade
X-Request-Id: d7a85291-386b-065d-9f97-c1b280b119e1
X-Robots-Tag: noindex, nofollow
X-Xss-Protection: 0
cf-cache-status: DYNAMIC
CF-RAY: 9e13ce4e9817f8e6-SIN

{
    "error": "Missing email or username"
}
]]></system-out>
    <system-err><![CDATA[SLF4J: Failed to load class "org.slf4j.impl.StaticLoggerBinder".
SLF4J: Defaulting to no-operation (NOP) logger implementation
SLF4J: See http://www.slf4j.org/codes.html#StaticLoggerBinder for further details.
]]></system-err>
  </testcase>
  <testcase name="testLoginMissingPassword" classname="com.testing.AuthorizationTest" time="0.534">
    <system-out><![CDATA[Request method:	POST
Request URI:	https://reqres.in/api/login
Proxy:			<none>
Request params:	<none>
Query params:	<none>
Form params:	<none>
Path params:	<none>
Headers:		Accept=application/json
				x-api-key=reqres_d708866ddc594d8cb8b8c8407fd2e070
				Content-Type=application/json
Cookies:		<none>
Multiparts:		<none>
Body:
{
    "email": "eve.holt@reqres.in"
}
HTTP/1.1 400 Bad Request
Date: Tue, 24 Mar 2026 07:01:41 GMT
Content-Type: application/json; charset=utf-8
Content-Length: 28
Connection: keep-alive
Access-Control-Allow-Origin: *
Cache-Control: no-store
Cross-Origin-Opener-Policy: same-origin
Cross-Origin-Resource-Policy: same-origin
Etag: W/"1c-NmpazMScs9tOqR7eDEesn+pqC9Q"
Nel: {"report_to":"heroku-nel","response_headers":["Via"],"max_age":3600,"success_fraction":0.01,"failure_fraction":0.1}
Origin-Agent-Cluster: ?1
Referrer-Policy: strict-origin-when-cross-origin
Report-To: {"group":"heroku-nel","endpoints":[{"url":"https://nel.heroku.com/reports?s=8DxojcYKnPaxYwyMtHfv3S3GyWbWL1r8UYhuX3vihTQ%3D\u0026sid=c4c9725f-1ab0-44d8-820f-430df2718e11\u0026ts=1774335701"}],"max_age":3600}
Reporting-Endpoints: heroku-nel="https://nel.heroku.com/reports?s=8DxojcYKnPaxYwyMtHfv3S3GyWbWL1r8UYhuX3vihTQ%3D&sid=c4c9725f-1ab0-44d8-820f-430df2718e11&ts=1774335701"
Server: cloudflare
Strict-Transport-Security: max-age=31536000; includeSubDomains
Via: 1.1 heroku-router
X-Content-Type-Options: nosniff
X-Dns-Prefetch-Control: off
X-Download-Options: noopen
X-Frame-Options: DENY
X-Permitted-Cross-Domain-Policies: none
X-Powered-By: ReqRes.in - Deploy backends in 30 seconds
X-Ratelimit-Limit: 250
X-Ratelimit-Remaining: 229
X-Ratelimit-Reset: 1774396800
X-Reqres-Docs: https://reqres.in
X-Reqres-Message: This API is powered by ReqRes. Deploy your own backend in 30 seconds!
X-Reqres-Templates: https://app.reqres.in/templates
X-Reqres-Tip: Generate a complete backend from a description - app.reqres.in/dashboard
X-Reqres-Trial: true
X-Reqres-Trial-Days-Remaining: 14
X-Reqres-Trial-Expires: 2026-04-07T06:38:55.777Z
X-Reqres-Upgrade: https://app.reqres.in/upgrade
X-Request-Id: bb0c6474-22b9-7cae-6159-27b19f1fb707
X-Robots-Tag: noindex, nofollow
X-Xss-Protection: 0
cf-cache-status: DYNAMIC
CF-RAY: 9e13ce541b71c887-SIN

{
    "error": "Missing password"
}
]]></system-out>
  </testcase>
  <testcase name="testLoginSuccess" classname="com.testing.AuthorizationTest" time="0.341">
    <system-out><![CDATA[Request method:	POST
Request URI:	https://reqres.in/api/login
Proxy:			<none>
Request params:	<none>
Query params:	<none>
Form params:	<none>
Path params:	<none>
Headers:		Accept=application/json
				x-api-key=reqres_d708866ddc594d8cb8b8c8407fd2e070
				Content-Type=application/json
Cookies:		<none>
Multiparts:		<none>
Body:
{
    "password": "cityslicka",
    "email": "eve.holt@reqres.in"
}
HTTP/1.1 200 OK
Date: Tue, 24 Mar 2026 07:01:41 GMT
Content-Type: application/json; charset=utf-8
Transfer-Encoding: chunked
Connection: keep-alive
Access-Control-Allow-Origin: *
Cache-Control: no-store
Cross-Origin-Opener-Policy: same-origin
Cross-Origin-Resource-Policy: same-origin
Etag: W/"1a6-OPYOvhNlJBNDjBInPmPS5KSNydc"
Nel: {"report_to":"heroku-nel","response_headers":["Via"],"max_age":3600,"success_fraction":0.01,"failure_fraction":0.1}
Origin-Agent-Cluster: ?1
Referrer-Policy: strict-origin-when-cross-origin
Report-To: {"group":"heroku-nel","endpoints":[{"url":"https://nel.heroku.com/reports?s=8DxojcYKnPaxYwyMtHfv3S3GyWbWL1r8UYhuX3vihTQ%3D\u0026sid=c4c9725f-1ab0-44d8-820f-430df2718e11\u0026ts=1774335701"}],"max_age":3600}
Reporting-Endpoints: heroku-nel="https://nel.heroku.com/reports?s=8DxojcYKnPaxYwyMtHfv3S3GyWbWL1r8UYhuX3vihTQ%3D&sid=c4c9725f-1ab0-44d8-820f-430df2718e11&ts=1774335701"
Server: cloudflare
Strict-Transport-Security: max-age=31536000; includeSubDomains
Via: 1.1 heroku-router
X-Content-Type-Options: nosniff
X-Dns-Prefetch-Control: off
X-Download-Options: noopen
X-Frame-Options: DENY
X-Permitted-Cross-Domain-Policies: none
X-Powered-By: ReqRes.in - Deploy backends in 30 seconds
X-Ratelimit-Limit: 250
X-Ratelimit-Remaining: 228
X-Ratelimit-Reset: 1774396800
X-Reqres-Docs: https://reqres.in
X-Reqres-Message: This API is powered by ReqRes. Deploy your own backend in 30 seconds!
X-Reqres-Templates: https://app.reqres.in/templates
X-Reqres-Tip: Add real user auth to your app with magic codes - reqres.in/docs
X-Reqres-Trial: true
X-Reqres-Trial-Days-Remaining: 14
X-Reqres-Trial-Expires: 2026-04-07T06:38:55.777Z
X-Reqres-Upgrade: https://app.reqres.in/upgrade
X-Request-Id: afc4916c-3462-fcc4-7eca-623c5c060057
X-Robots-Tag: noindex, nofollow
X-Xss-Protection: 0
cf-cache-status: DYNAMIC
Content-Encoding: gzip
CF-RAY: 9e13ce575c7ffe13-SIN

{
    "token": "QpwL5tke4Pnpja7X4",
    "_meta": {
        "powered_by": "ReqRes",
        "docs_url": "https://app.reqres.in/documentation",
        "upgrade_url": "https://app.reqres.in/upgrade",
        "example_url": "https://app.reqres.in/examples/notes-app",
        "variant": "v1_a",
        "message": "Classic ReqRes still works. Projects add persistence, auth, and logs.",
        "cta": {
            "label": "See example app",
            "url": "https://app.reqres.in/examples/notes-app"
        },
        "context": "legacy_success"
    }
}
]]></system-out>
  </testcase>
  <testcase name="testRegisterMissingPassword" classname="com.testing.AuthorizationTest" time="0.348">
    <system-out><![CDATA[Request method:	POST
Request URI:	https://reqres.in/api/register
Proxy:			<none>
Request params:	<none>
Query params:	<none>
Form params:	<none>
Path params:	<none>
Headers:		Accept=application/json
				x-api-key=reqres_d708866ddc594d8cb8b8c8407fd2e070
				Content-Type=application/json
Cookies:		<none>
Multiparts:		<none>
Body:
{
    "email": "eve.holt@reqres.in"
}
HTTP/1.1 400 Bad Request
Date: Tue, 24 Mar 2026 07:01:42 GMT
Content-Type: application/json; charset=utf-8
Content-Length: 28
Connection: keep-alive
Access-Control-Allow-Origin: *
Cache-Control: no-store
Cross-Origin-Opener-Policy: same-origin
Cross-Origin-Resource-Policy: same-origin
Etag: W/"1c-NmpazMScs9tOqR7eDEesn+pqC9Q"
Nel: {"report_to":"heroku-nel","response_headers":["Via"],"max_age":3600,"success_fraction":0.01,"failure_fraction":0.1}
Origin-Agent-Cluster: ?1
Referrer-Policy: strict-origin-when-cross-origin
Report-To: {"group":"heroku-nel","endpoints":[{"url":"https://nel.heroku.com/reports?s=wF4wCgf%2Bad2jBIBu9zluYzGEWElPYdO8W9zuzTnaW0I%3D\u0026sid=c4c9725f-1ab0-44d8-820f-430df2718e11\u0026ts=1774335702"}],"max_age":3600}
Reporting-Endpoints: heroku-nel="https://nel.heroku.com/reports?s=wF4wCgf%2Bad2jBIBu9zluYzGEWElPYdO8W9zuzTnaW0I%3D&sid=c4c9725f-1ab0-44d8-820f-430df2718e11&ts=1774335702"
Server: cloudflare
Strict-Transport-Security: max-age=31536000; includeSubDomains
Via: 1.1 heroku-router
X-Content-Type-Options: nosniff
X-Dns-Prefetch-Control: off
X-Download-Options: noopen
X-Frame-Options: DENY
X-Permitted-Cross-Domain-Policies: none
X-Powered-By: ReqRes.in - Deploy backends in 30 seconds
X-Ratelimit-Limit: 250
X-Ratelimit-Remaining: 227
X-Ratelimit-Reset: 1774396800
X-Reqres-Docs: https://reqres.in
X-Reqres-Message: This API is powered by ReqRes. Deploy your own backend in 30 seconds!
X-Reqres-Templates: https://app.reqres.in/templates
X-Reqres-Tip: Test against your own data, not fixtures - app.reqres.in/dashboard
X-Reqres-Trial: true
X-Reqres-Trial-Days-Remaining: 14
X-Reqres-Trial-Expires: 2026-04-07T06:38:55.777Z
X-Reqres-Upgrade: https://app.reqres.in/upgrade
X-Request-Id: d59446ba-3c0b-47e4-99f4-87cbc69ae605
X-Robots-Tag: noindex, nofollow
X-Xss-Protection: 0
cf-cache-status: DYNAMIC
CF-RAY: 9e13ce598e8c8bd0-SIN

{
    "error": "Missing password"
}
]]></system-out>
  </testcase>
  <testcase name="testRegisterSuccess" classname="com.testing.AuthorizationTest" time="0.552">
    <system-out><![CDATA[Request method:	POST
Request URI:	https://reqres.in/api/register
Proxy:			<none>
Request params:	<none>
Query params:	<none>
Form params:	<none>
Path params:	<none>
Headers:		Accept=application/json
				x-api-key=reqres_d708866ddc594d8cb8b8c8407fd2e070
				Content-Type=application/json
Cookies:		<none>
Multiparts:		<none>
Body:
{
    "password": "pistol",
    "email": "eve.holt@reqres.in"
}
HTTP/1.1 200 OK
Date: Tue, 24 Mar 2026 07:01:42 GMT
Content-Type: application/json; charset=utf-8
Transfer-Encoding: chunked
Connection: keep-alive
Access-Control-Allow-Origin: *
Cache-Control: no-store
Cross-Origin-Opener-Policy: same-origin
Cross-Origin-Resource-Policy: same-origin
Etag: W/"1ad-zW7iXzWtn1U/QvNc/ReZyXThMjM"
Nel: {"report_to":"heroku-nel","response_headers":["Via"],"max_age":3600,"success_fraction":0.01,"failure_fraction":0.1}
Origin-Agent-Cluster: ?1
Referrer-Policy: strict-origin-when-cross-origin
Report-To: {"group":"heroku-nel","endpoints":[{"url":"https://nel.heroku.com/reports?s=wF4wCgf%2Bad2jBIBu9zluYzGEWElPYdO8W9zuzTnaW0I%3D\u0026sid=c4c9725f-1ab0-44d8-820f-430df2718e11\u0026ts=1774335702"}],"max_age":3600}
Reporting-Endpoints: heroku-nel="https://nel.heroku.com/reports?s=wF4wCgf%2Bad2jBIBu9zluYzGEWElPYdO8W9zuzTnaW0I%3D&sid=c4c9725f-1ab0-44d8-820f-430df2718e11&ts=1774335702"
Server: cloudflare
Strict-Transport-Security: max-age=31536000; includeSubDomains
Via: 1.1 heroku-router
X-Content-Type-Options: nosniff
X-Dns-Prefetch-Control: off
X-Download-Options: noopen
X-Frame-Options: DENY
X-Permitted-Cross-Domain-Policies: none
X-Powered-By: ReqRes.in - Deploy backends in 30 seconds
X-Ratelimit-Limit: 250
X-Ratelimit-Remaining: 226
X-Ratelimit-Reset: 1774396800
X-Reqres-Docs: https://reqres.in
X-Reqres-Message: This API is powered by ReqRes. Deploy your own backend in 30 seconds!
X-Reqres-Templates: https://app.reqres.in/templates
X-Reqres-Tip: Add real user auth to your app with magic codes - reqres.in/docs
X-Reqres-Trial: true
X-Reqres-Trial-Days-Remaining: 14
X-Reqres-Trial-Expires: 2026-04-07T06:38:55.777Z
X-Reqres-Upgrade: https://app.reqres.in/upgrade
X-Request-Id: 1d4fe2e6-e301-8a0d-d603-6b8fa3520ebc
X-Robots-Tag: noindex, nofollow
X-Xss-Protection: 0
cf-cache-status: DYNAMIC
Content-Encoding: gzip
CF-RAY: 9e13ce5bc8989e41-SIN

{
    "id": 4,
    "token": "QpwL5tke4Pnpja7X4",
    "_meta": {
        "powered_by": "ReqRes",
        "docs_url": "https://app.reqres.in/documentation",
        "upgrade_url": "https://app.reqres.in/upgrade",
        "example_url": "https://app.reqres.in/examples/notes-app",
        "variant": "v1_a",
        "message": "Classic ReqRes still works. Projects add persistence, auth, and logs.",
        "cta": {
            "label": "See example app",
            "url": "https://app.reqres.in/examples/notes-app"
        },
        "context": "legacy_success"
    }
}
]]></system-out>
  </testcase>
  <testcase name="testLoginScenarios[eve.holt@reqres.in, cityslicka, 200, null](1)" classname="com.testing.LoginDataDrivenTest" time="0.519">
    <system-out><![CDATA[Request method:	POST
Request URI:	https://reqres.in/api/login
Proxy:			<none>
Request params:	<none>
Query params:	<none>
Form params:	<none>
Path params:	<none>
Headers:		Accept=application/json
				x-api-key=reqres_d708866ddc594d8cb8b8c8407fd2e070
				Content-Type=application/json
Cookies:		<none>
Multiparts:		<none>
Body:
{
    "password": "cityslicka",
    "email": "eve.holt@reqres.in"
}
HTTP/1.1 200 OK
Date: Tue, 24 Mar 2026 07:01:43 GMT
Content-Type: application/json; charset=utf-8
Transfer-Encoding: chunked
Connection: keep-alive
Access-Control-Allow-Origin: *
Cache-Control: no-store
Cross-Origin-Opener-Policy: same-origin
Cross-Origin-Resource-Policy: same-origin
Etag: W/"1a6-OPYOvhNlJBNDjBInPmPS5KSNydc"
Nel: {"report_to":"heroku-nel","response_headers":["Via"],"max_age":3600,"success_fraction":0.01,"failure_fraction":0.1}
Origin-Agent-Cluster: ?1
Referrer-Policy: strict-origin-when-cross-origin
Report-To: {"group":"heroku-nel","endpoints":[{"url":"https://nel.heroku.com/reports?s=Rtigd0g7oNp%2FzJ3WWNWfdf2wv%2Fe3hStfR%2Bif%2F4dV9f4%3D\u0026sid=c4c9725f-1ab0-44d8-820f-430df2718e11\u0026ts=1774335703"}],"max_age":3600}
Reporting-Endpoints: heroku-nel="https://nel.heroku.com/reports?s=Rtigd0g7oNp%2FzJ3WWNWfdf2wv%2Fe3hStfR%2Bif%2F4dV9f4%3D&sid=c4c9725f-1ab0-44d8-820f-430df2718e11&ts=1774335703"
Server: cloudflare
Strict-Transport-Security: max-age=31536000; includeSubDomains
Via: 1.1 heroku-router
X-Content-Type-Options: nosniff
X-Dns-Prefetch-Control: off
X-Download-Options: noopen
X-Frame-Options: DENY
X-Permitted-Cross-Domain-Policies: none
X-Powered-By: ReqRes.in - Deploy backends in 30 seconds
X-Ratelimit-Limit: 250
X-Ratelimit-Remaining: 225
X-Ratelimit-Reset: 1774396800
X-Reqres-Docs: https://reqres.in
X-Reqres-Message: This API is powered by ReqRes. Deploy your own backend in 30 seconds!
X-Reqres-Templates: https://app.reqres.in/templates
X-Reqres-Tip: Add real user auth to your app with magic codes - reqres.in/docs
X-Reqres-Trial: true
X-Reqres-Trial-Days-Remaining: 14
X-Reqres-Trial-Expires: 2026-04-07T06:38:55.777Z
X-Reqres-Upgrade: https://app.reqres.in/upgrade
X-Request-Id: 4b563886-fd8b-c22a-24e4-a29ffbee1666
X-Robots-Tag: noindex, nofollow
X-Xss-Protection: 0
cf-cache-status: DYNAMIC
Content-Encoding: gzip
CF-RAY: 9e13ce5f3fee122f-SIN

{
    "token": "QpwL5tke4Pnpja7X4",
    "_meta": {
        "powered_by": "ReqRes",
        "docs_url": "https://app.reqres.in/documentation",
        "upgrade_url": "https://app.reqres.in/upgrade",
        "example_url": "https://app.reqres.in/examples/notes-app",
        "variant": "v1_a",
        "message": "Classic ReqRes still works. Projects add persistence, auth, and logs.",
        "cta": {
            "label": "See example app",
            "url": "https://app.reqres.in/examples/notes-app"
        },
        "context": "legacy_success"
    }
}
]]></system-out>
  </testcase>
  <testcase name="testLoginScenarios[eve.holt@reqres.in, , 400, Missing password](2)" classname="com.testing.LoginDataDrivenTest" time="0.34">
    <system-out><![CDATA[Request method:	POST
Request URI:	https://reqres.in/api/login
Proxy:			<none>
Request params:	<none>
Query params:	<none>
Form params:	<none>
Path params:	<none>
Headers:		Accept=application/json
				x-api-key=reqres_d708866ddc594d8cb8b8c8407fd2e070
				Content-Type=application/json
Cookies:		<none>
Multiparts:		<none>
Body:
{
    "email": "eve.holt@reqres.in"
}
HTTP/1.1 400 Bad Request
Date: Tue, 24 Mar 2026 07:01:43 GMT
Content-Type: application/json; charset=utf-8
Content-Length: 28
Connection: keep-alive
Access-Control-Allow-Origin: *
Cache-Control: no-store
Cross-Origin-Opener-Policy: same-origin
Cross-Origin-Resource-Policy: same-origin
Etag: W/"1c-NmpazMScs9tOqR7eDEesn+pqC9Q"
Nel: {"report_to":"heroku-nel","response_headers":["Via"],"max_age":3600,"success_fraction":0.01,"failure_fraction":0.1}
Origin-Agent-Cluster: ?1
Referrer-Policy: strict-origin-when-cross-origin
Report-To: {"group":"heroku-nel","endpoints":[{"url":"https://nel.heroku.com/reports?s=Rtigd0g7oNp%2FzJ3WWNWfdf2wv%2Fe3hStfR%2Bif%2F4dV9f4%3D\u0026sid=c4c9725f-1ab0-44d8-820f-430df2718e11\u0026ts=1774335703"}],"max_age":3600}
Reporting-Endpoints: heroku-nel="https://nel.heroku.com/reports?s=Rtigd0g7oNp%2FzJ3WWNWfdf2wv%2Fe3hStfR%2Bif%2F4dV9f4%3D&sid=c4c9725f-1ab0-44d8-820f-430df2718e11&ts=1774335703"
Server: cloudflare
Strict-Transport-Security: max-age=31536000; includeSubDomains
Via: 1.1 heroku-router
X-Content-Type-Options: nosniff
X-Dns-Prefetch-Control: off
X-Download-Options: noopen
X-Frame-Options: DENY
X-Permitted-Cross-Domain-Policies: none
X-Powered-By: ReqRes.in - Deploy backends in 30 seconds
X-Ratelimit-Limit: 250
X-Ratelimit-Remaining: 224
X-Ratelimit-Reset: 1774396800
X-Reqres-Docs: https://reqres.in
X-Reqres-Message: This API is powered by ReqRes. Deploy your own backend in 30 seconds!
X-Reqres-Templates: https://app.reqres.in/templates
X-Reqres-Tip: Need more than /api/users? Build custom collections - app.reqres.in/dashboard
X-Reqres-Trial: true
X-Reqres-Trial-Days-Remaining: 14
X-Reqres-Trial-Expires: 2026-04-07T06:38:55.777Z
X-Reqres-Upgrade: https://app.reqres.in/upgrade
X-Request-Id: c3eb4da3-c142-a641-66a8-434385c7ebe7
X-Robots-Tag: noindex, nofollow
X-Xss-Protection: 0
cf-cache-status: DYNAMIC
CF-RAY: 9e13ce627a77f91a-SIN

{
    "error": "Missing password"
}
]]></system-out>
  </testcase>
  <testcase name="testLoginScenarios[, cityslicka, 400, Missing email or username](3)" classname="com.testing.LoginDataDrivenTest" time="0.353">
    <system-out><![CDATA[Request method:	POST
Request URI:	https://reqres.in/api/login
Proxy:			<none>
Request params:	<none>
Query params:	<none>
Form params:	<none>
Path params:	<none>
Headers:		Accept=application/json
				x-api-key=reqres_d708866ddc594d8cb8b8c8407fd2e070
				Content-Type=application/json
Cookies:		<none>
Multiparts:		<none>
Body:
{
    "password": "cityslicka",
    "email": ""
}
HTTP/1.1 400 Bad Request
Date: Tue, 24 Mar 2026 07:01:43 GMT
Content-Type: application/json; charset=utf-8
Content-Length: 37
Connection: keep-alive
Access-Control-Allow-Origin: *
Cache-Control: no-store
Cross-Origin-Opener-Policy: same-origin
Cross-Origin-Resource-Policy: same-origin
Etag: W/"25-Ik70kof1lbc973ShN5FoVPxYn7A"
Nel: {"report_to":"heroku-nel","response_headers":["Via"],"max_age":3600,"success_fraction":0.01,"failure_fraction":0.1}
Origin-Agent-Cluster: ?1
Referrer-Policy: strict-origin-when-cross-origin
Report-To: {"group":"heroku-nel","endpoints":[{"url":"https://nel.heroku.com/reports?s=Rtigd0g7oNp%2FzJ3WWNWfdf2wv%2Fe3hStfR%2Bif%2F4dV9f4%3D\u0026sid=c4c9725f-1ab0-44d8-820f-430df2718e11\u0026ts=1774335703"}],"max_age":3600}
Reporting-Endpoints: heroku-nel="https://nel.heroku.com/reports?s=Rtigd0g7oNp%2FzJ3WWNWfdf2wv%2Fe3hStfR%2Bif%2F4dV9f4%3D&sid=c4c9725f-1ab0-44d8-820f-430df2718e11&ts=1774335703"
Server: cloudflare
Strict-Transport-Security: max-age=31536000; includeSubDomains
Via: 1.1 heroku-router
X-Content-Type-Options: nosniff
X-Dns-Prefetch-Control: off
X-Download-Options: noopen
X-Frame-Options: DENY
X-Permitted-Cross-Domain-Policies: none
X-Powered-By: ReqRes.in - Deploy backends in 30 seconds
X-Ratelimit-Limit: 250
X-Ratelimit-Remaining: 223
X-Ratelimit-Reset: 1774396800
X-Reqres-Docs: https://reqres.in
X-Reqres-Message: This API is powered by ReqRes. Deploy your own backend in 30 seconds!
X-Reqres-Templates: https://app.reqres.in/templates
X-Reqres-Tip: Add real user auth to your app with magic codes - reqres.in/docs
X-Reqres-Trial: true
X-Reqres-Trial-Days-Remaining: 14
X-Reqres-Trial-Expires: 2026-04-07T06:38:55.777Z
X-Reqres-Upgrade: https://app.reqres.in/upgrade
X-Request-Id: e0155f45-44f0-9095-9959-294f2997184d
X-Robots-Tag: noindex, nofollow
X-Xss-Protection: 0
cf-cache-status: DYNAMIC
CF-RAY: 9e13ce64ad55fe84-SIN

{
    "error": "Missing email or username"
}
]]></system-out>
  </testcase>
  <testcase name="testLoginScenarios[notexist@reqres.in, wrongpass, 400, user not found](4)" classname="com.testing.LoginDataDrivenTest" time="0.28">
    <system-out><![CDATA[Request method:	POST
Request URI:	https://reqres.in/api/login
Proxy:			<none>
Request params:	<none>
Query params:	<none>
Form params:	<none>
Path params:	<none>
Headers:		Accept=application/json
				x-api-key=reqres_d708866ddc594d8cb8b8c8407fd2e070
				Content-Type=application/json
Cookies:		<none>
Multiparts:		<none>
Body:
{
    "password": "wrongpass",
    "email": "notexist@reqres.in"
}
HTTP/1.1 400 Bad Request
Date: Tue, 24 Mar 2026 07:01:44 GMT
Content-Type: application/json; charset=utf-8
Content-Length: 26
Connection: keep-alive
Access-Control-Allow-Origin: *
Cache-Control: no-store
Cross-Origin-Opener-Policy: same-origin
Cross-Origin-Resource-Policy: same-origin
Etag: W/"1a-EGIcyP6BIiCXl5Gb1aph5CGf4VQ"
Nel: {"report_to":"heroku-nel","response_headers":["Via"],"max_age":3600,"success_fraction":0.01,"failure_fraction":0.1}
Origin-Agent-Cluster: ?1
Referrer-Policy: strict-origin-when-cross-origin
Report-To: {"group":"heroku-nel","endpoints":[{"url":"https://nel.heroku.com/reports?s=2lyf7IpaPUcQEX47PPqxaQSp504wgh8zklvOeQCzqkM%3D\u0026sid=c4c9725f-1ab0-44d8-820f-430df2718e11\u0026ts=1774335704"}],"max_age":3600}
Reporting-Endpoints: heroku-nel="https://nel.heroku.com/reports?s=2lyf7IpaPUcQEX47PPqxaQSp504wgh8zklvOeQCzqkM%3D&sid=c4c9725f-1ab0-44d8-820f-430df2718e11&ts=1774335704"
Server: cloudflare
Strict-Transport-Security: max-age=31536000; includeSubDomains
Via: 1.1 heroku-router
X-Content-Type-Options: nosniff
X-Dns-Prefetch-Control: off
X-Download-Options: noopen
X-Frame-Options: DENY
X-Permitted-Cross-Domain-Policies: none
X-Powered-By: ReqRes.in - Deploy backends in 30 seconds
X-Ratelimit-Limit: 250
X-Ratelimit-Remaining: 222
X-Ratelimit-Reset: 1774396800
X-Reqres-Docs: https://reqres.in
X-Reqres-Message: This API is powered by ReqRes. Deploy your own backend in 30 seconds!
X-Reqres-Templates: https://app.reqres.in/templates
X-Reqres-Tip: Create your own API with custom data - app.reqres.in/dashboard
X-Reqres-Trial: true
X-Reqres-Trial-Days-Remaining: 14
X-Reqres-Trial-Expires: 2026-04-07T06:38:55.777Z
X-Reqres-Upgrade: https://app.reqres.in/upgrade
X-Request-Id: 33fe29a7-1527-0482-eda1-4f0259be4bea
X-Robots-Tag: noindex, nofollow
X-Xss-Protection: 0
cf-cache-status: DYNAMIC
CF-RAY: 9e13ce669dd26cc1-SIN

{
    "error": "user not found"
}
]]></system-out>
  </testcase>
  <testcase name="testLoginScenarios[invalid-email, pass123, 400, user not found](5)" classname="com.testing.LoginDataDrivenTest" time="0.548">
    <system-out><![CDATA[Request method:	POST
Request URI:	https://reqres.in/api/login
Proxy:			<none>
Request params:	<none>
Query params:	<none>
Form params:	<none>
Path params:	<none>
Headers:		Accept=application/json
				x-api-key=reqres_d708866ddc594d8cb8b8c8407fd2e070
				Content-Type=application/json
Cookies:		<none>
Multiparts:		<none>
Body:
{
    "password": "pass123",
    "email": "invalid-email"
}
HTTP/1.1 400 Bad Request
Date: Tue, 24 Mar 2026 07:01:44 GMT
Content-Type: application/json; charset=utf-8
Content-Length: 26
Connection: keep-alive
Access-Control-Allow-Origin: *
Cache-Control: no-store
Cross-Origin-Opener-Policy: same-origin
Cross-Origin-Resource-Policy: same-origin
Etag: W/"1a-EGIcyP6BIiCXl5Gb1aph5CGf4VQ"
Nel: {"report_to":"heroku-nel","response_headers":["Via"],"max_age":3600,"success_fraction":0.01,"failure_fraction":0.1}
Origin-Agent-Cluster: ?1
Referrer-Policy: strict-origin-when-cross-origin
Report-To: {"group":"heroku-nel","endpoints":[{"url":"https://nel.heroku.com/reports?s=2lyf7IpaPUcQEX47PPqxaQSp504wgh8zklvOeQCzqkM%3D\u0026sid=c4c9725f-1ab0-44d8-820f-430df2718e11\u0026ts=1774335704"}],"max_age":3600}
Reporting-Endpoints: heroku-nel="https://nel.heroku.com/reports?s=2lyf7IpaPUcQEX47PPqxaQSp504wgh8zklvOeQCzqkM%3D&sid=c4c9725f-1ab0-44d8-820f-430df2718e11&ts=1774335704"
Server: cloudflare
Strict-Transport-Security: max-age=31536000; includeSubDomains
Via: 1.1 heroku-router
X-Content-Type-Options: nosniff
X-Dns-Prefetch-Control: off
X-Download-Options: noopen
X-Frame-Options: DENY
X-Permitted-Cross-Domain-Policies: none
X-Powered-By: ReqRes.in - Deploy backends in 30 seconds
X-Ratelimit-Limit: 250
X-Ratelimit-Remaining: 221
X-Ratelimit-Reset: 1774396800
X-Reqres-Docs: https://reqres.in
X-Reqres-Message: This API is powered by ReqRes. Deploy your own backend in 30 seconds!
X-Reqres-Templates: https://app.reqres.in/templates
X-Reqres-Tip: Create your own API with custom data - app.reqres.in/dashboard
X-Reqres-Trial: true
X-Reqres-Trial-Days-Remaining: 14
X-Reqres-Trial-Expires: 2026-04-07T06:38:55.777Z
X-Reqres-Upgrade: https://app.reqres.in/upgrade
X-Request-Id: a5ea33d9-0605-acfb-3eac-c4835bff09a0
X-Robots-Tag: noindex, nofollow
X-Xss-Protection: 0
cf-cache-status: DYNAMIC
CF-RAY: 9e13ce688ef145c8-SIN

{
    "error": "user not found"
}
]]></system-out>
  </testcase>
</testsuite>