<?xml version="1.0" encoding="UTF-8"?>
<!-- Generated by org.testng.reporters.JUnitReportReporter -->
<testsuite hostname="NHAT-PC" failures="1" tests="22" name="dtm.tests.TC_DangNhapTest" time="69.570" errors="0" timestamp="2026-03-03T16:55:44 ICT" skipped="0">
  <testcase classname="dtm.tests.TC_DangNhapTest" name="kiemThuDangNhap" time="2.274"/>
  <testcase classname="dtm.tests.TC_DangNhapTest" name="kiemThuDangNhap" time="2.363"/>
  <testcase classname="dtm.tests.TC_DangNhapTest" name="kiemThuDangNhap" time="7.372"/>
  <testcase classname="dtm.tests.TC_DangNhapTest" name="kiemThuDangNhap" time="2.591"/>
  <testcase classname="dtm.tests.TC_DangNhapTest" name="kiemThuDangNhap" time="2.207"/>
  <testcase classname="dtm.tests.TC_DangNhapTest" name="kiemThuDangNhap" time="13.039">
    <failure message="[TC22 - [Demo FAIL] Expect đăng nhập thành công nhưng tài khoản bị khóa] Kỳ vọng đăng nhập thành công nhưng không chuyển sang /inventory.html expected [true] but found [false]" type="java.lang.AssertionError">
      <![CDATA[java.lang.AssertionError: [TC22 - [Demo FAIL] Expect đăng nhập thành công nhưng tài khoản bị khóa] Kỳ vọng đăng nhập thành công nhưng không chuyển sang /inventory.html expected [true] but found [false]
at org.testng.Assert.fail(Assert.java:111)
at org.testng.Assert.failNotEquals(Assert.java:1578)
at org.testng.Assert.assertTrue(Assert.java:57)
at dtm.tests.TC_DangNhapTest.kiemThuDangNhap(TC_DangNhapTest.java:53)
at java.base/jdk.internal.reflect.DirectMethodHandleAccessor.invoke(DirectMethodHandleAccessor.java:103)
at java.base/java.lang.reflect.Method.invoke(Method.java:580)
at org.testng.internal.invokers.MethodInvocationHelper.invokeMethod(MethodInvocationHelper.java:139)
at org.testng.internal.invokers.TestInvoker.invokeMethod(TestInvoker.java:664)
at org.testng.internal.invokers.TestInvoker.invokeTestMethod(TestInvoker.java:227)
at org.testng.internal.invokers.MethodRunner.runInSequence(MethodRunner.java:50)
at org.testng.internal.invokers.TestInvoker$MethodInvocationAgent.invoke(TestInvoker.java:957)
at org.testng.internal.invokers.TestInvoker.invokeTestMethods(TestInvoker.java:200)
at org.testng.internal.invokers.TestMethodWorker.invokeTestMethods(TestMethodWorker.java:148)
at org.testng.internal.invokers.TestMethodWorker.run(TestMethodWorker.java:128)
at java.base/java.util.ArrayList.forEach(ArrayList.java:1596)
at org.testng.TestRunner.privateRun(TestRunner.java:848)
at org.testng.TestRunner.run(TestRunner.java:621)
at org.testng.SuiteRunner.runTest(SuiteRunner.java:443)
at org.testng.SuiteRunner.runSequentially(SuiteRunner.java:437)
at org.testng.SuiteRunner.privateRun(SuiteRunner.java:397)
at org.testng.SuiteRunner.run(SuiteRunner.java:336)
at org.testng.SuiteRunnerWorker.runSuite(SuiteRunnerWorker.java:52)
at org.testng.SuiteRunnerWorker.run(SuiteRunnerWorker.java:95)
at org.testng.TestNG.runSuitesSequentially(TestNG.java:1280)
at org.testng.TestNG.runSuitesLocally(TestNG.java:1200)
at org.testng.TestNG.runSuites(TestNG.java:1114)
at org.testng.TestNG.run(TestNG.java:1082)
at org.apache.maven.surefire.testng.TestNGExecutor.run(TestNGExecutor.java:308)
at org.apache.maven.surefire.testng.TestNGXmlTestSuite.execute(TestNGXmlTestSuite.java:71)
at org.apache.maven.surefire.testng.TestNGProvider.invoke(TestNGProvider.java:113)
at org.apache.maven.surefire.booter.ForkedBooter.runSuitesInProcess(ForkedBooter.java:385)
at org.apache.maven.surefire.booter.ForkedBooter.execute(ForkedBooter.java:162)
at org.apache.maven.surefire.booter.ForkedBooter.run(ForkedBooter.java:507)
at org.apache.maven.surefire.booter.ForkedBooter.main(ForkedBooter.java:495)
]]>
    </failure>
  </testcase> <!-- kiemThuDangNhap -->
  <testcase classname="dtm.tests.TC_DangNhapTest" name="kiemThuDangNhap" time="2.205"/>
  <testcase classname="dtm.tests.TC_DangNhapTest" name="kiemThuDangNhap" time="2.112"/>
  <testcase classname="dtm.tests.TC_DangNhapTest" name="kiemThuDangNhap" time="3.535"/>
  <testcase classname="dtm.tests.TC_DangNhapTest" name="kiemThuDangNhap" time="2.233"/>
  <testcase classname="dtm.tests.TC_DangNhapTest" name="kiemThuDangNhap" time="2.512"/>
  <testcase classname="dtm.tests.TC_DangNhapTest" name="kiemThuDangNhap" time="2.498"/>
  <testcase classname="dtm.tests.TC_DangNhapTest" name="kiemThuDangNhap" time="2.227"/>
  <testcase classname="dtm.tests.TC_DangNhapTest" name="kiemThuDangNhap" time="2.176"/>
  <testcase classname="dtm.tests.TC_DangNhapTest" name="kiemThuDangNhap" time="2.135"/>
  <testcase classname="dtm.tests.TC_DangNhapTest" name="kiemThuDangNhap" time="2.345"/>
  <testcase classname="dtm.tests.TC_DangNhapTest" name="kiemThuDangNhap" time="2.883"/>
  <testcase classname="dtm.tests.TC_DangNhapTest" name="kiemThuDangNhap" time="3.465"/>
  <testcase classname="dtm.tests.TC_DangNhapTest" name="kiemThuDangNhap" time="2.619"/>
  <testcase classname="dtm.tests.TC_DangNhapTest" name="kiemThuDangNhap" time="2.340"/>
  <testcase classname="dtm.tests.TC_DangNhapTest" name="kiemThuDangNhap" time="2.136"/>
  <testcase classname="dtm.tests.TC_DangNhapTest" name="kiemThuDangNhap" time="2.303"/>
</testsuite> <!-- dtm.tests.TC_DangNhapTest -->
