<?xml version="1.0" encoding="UTF-8"?>
<testsuite xmlns:xsi="http://www.w3.org/2001/XMLSchema-instance" xsi:noNamespaceSchemaLocation="https://maven.apache.org/surefire/maven-surefire-plugin/xsd/surefire-test-report-3.0.xsd" version="3.0" name="TestSuite" time="1.618" tests="47" errors="0" skipped="0" failures="0">
  <properties>
[...]
</properties>
  <testcase name="test_TC_REG_EP_001" classname="com.shopvn.test.RegistrationFormTest" time="0.017">
    <system-out><![CDATA[[Listener] Suite start: LAB7 Bai 1.1 Form Dang Ky ShopVN
]]></system-out>
    <system-err><![CDATA[SLF4J: Failed to load class "org.slf4j.impl.StaticLoggerBinder".
SLF4J: Defaulting to no-operation (NOP) logger implementation
SLF4J: See http://www.slf4j.org/codes.html#StaticLoggerBinder for further details.
]]></system-err>
  </testcase>
  <testcase name="test_TC_REG_EP_002" classname="com.shopvn.test.RegistrationFormTest" time="0.002"/>
  <testcase name="test_TC_REG_EP_003" classname="com.shopvn.test.RegistrationFormTest" time="0.001"/>
  <testcase name="test_TC_REG_EP_004" classname="com.shopvn.test.RegistrationFormTest" time="0.001"/>
  <testcase name="test_TC_REG_EP_005" classname="com.shopvn.test.RegistrationFormTest" time="0.0"/>
  <testcase name="test_TC_REG_EP_006" classname="com.shopvn.test.RegistrationFormTest" time="0.0"/>
  <testcase name="test_TC_REG_EP_007" classname="com.shopvn.test.RegistrationFormTest" time="0.001"/>
  <testcase name="test_TC_REG_EP_008" classname="com.shopvn.test.RegistrationFormTest" time="0.001"/>
  <testcase name="test_TC_REG_EP_009" classname="com.shopvn.test.RegistrationFormTest" time="0.001"/>
  <testcase name="test_TC_REG_EP_010" classname="com.shopvn.test.RegistrationFormTest" time="0.0"/>
  <testcase name="test_TC_REG_EP_011" classname="com.shopvn.test.RegistrationFormTest" time="0.0"/>
  <testcase name="test_TC_REG_EP_012" classname="com.shopvn.test.RegistrationFormTest" time="0.001"/>
  <testcase name="test_TC_REG_EP_013" classname="com.shopvn.test.RegistrationFormTest" time="0.0"/>
  <testcase name="test_TC_REG_EP_014" classname="com.shopvn.test.RegistrationFormTest" time="0.002"/>
  <testcase name="test_TC_REG_EP_015" classname="com.shopvn.test.RegistrationFormTest" time="0.0"/>
  <testcase name="test_TC_REG_BVA_001" classname="com.shopvn.test.RegistrationFormTest" time="0.001"/>
  <testcase name="test_TC_REG_BVA_002" classname="com.shopvn.test.RegistrationFormTest" time="0.001"/>
  <testcase name="test_TC_REG_BVA_003" classname="com.shopvn.test.RegistrationFormTest" time="0.001"/>
  <testcase name="test_TC_REG_BVA_004" classname="com.shopvn.test.RegistrationFormTest" time="0.001"/>
  <testcase name="test_TC_REG_BVA_005" classname="com.shopvn.test.RegistrationFormTest" time="0.0"/>
  <testcase name="test_TC_REG_BVA_006" classname="com.shopvn.test.RegistrationFormTest" time="0.001"/>
  <testcase name="test_TC_REG_BVA_007" classname="com.shopvn.test.RegistrationFormTest" time="0.001"/>
  <testcase name="test_TC_REG_BVA_008" classname="com.shopvn.test.RegistrationFormTest" time="0.0"/>
  <testcase name="test_TC_REG_BVA_009" classname="com.shopvn.test.RegistrationFormTest" time="0.0"/>
  <testcase name="test_TC_REG_BVA_010" classname="com.shopvn.test.RegistrationFormTest" time="0.001"/>
  <testcase name="test_TC_REG_BVA_011" classname="com.shopvn.test.RegistrationFormTest" time="0.0"/>
  <testcase name="test_TC_REG_BVA_012" classname="com.shopvn.test.RegistrationFormTest" time="0.001"/>
  <testcase name="test_TC_REG_BVA_013" classname="com.shopvn.test.RegistrationFormTest" time="0.0"/>
  <testcase name="test_TC_REG_BVA_014" classname="com.shopvn.test.RegistrationFormTest" time="0.0"/>
  <testcase name="test_TC_REG_BVA_015" classname="com.shopvn.test.RegistrationFormTest" time="0.0"/>
  <testcase name="test_TC_REG_BVA_016" classname="com.shopvn.test.RegistrationFormTest" time="0.0"/>
  <testcase name="test_TC_REG_BVA_017" classname="com.shopvn.test.RegistrationFormTest" time="0.001"/>
  <testcase name="test_TC_REG_BVA_018" classname="com.shopvn.test.RegistrationFormTest" time="0.0"/>
  <testcase name="test_TC_REG_BVA_019" classname="com.shopvn.test.RegistrationFormTest" time="0.0"/>
  <testcase name="test_TC_REG_BVA_020" classname="com.shopvn.test.RegistrationFormTest" time="0.001"/>
  <testcase name="test_TC_REG_BVA_021" classname="com.shopvn.test.RegistrationFormTest" time="0.0"/>
  <testcase name="test_TC_REG_BVA_022" classname="com.shopvn.test.RegistrationFormTest" time="0.0"/>
  <testcase name="test_TC_REG_BVA_023" classname="com.shopvn.test.RegistrationFormTest" time="0.001"/>
  <testcase name="test_TC_REG_BVA_024" classname="com.shopvn.test.RegistrationFormTest" time="0.0"/>
  <testcase name="test_TC_REG_SPEC_001" classname="com.shopvn.test.RegistrationFormTest" time="0.0"/>
  <testcase name="test_TC_REG_SPEC_002" classname="com.shopvn.test.RegistrationFormTest" time="0.0"/>
  <testcase name="test_TC_REG_SPEC_003" classname="com.shopvn.test.RegistrationFormTest" time="0.0"/>
  <testcase name="test_TC_REG_SPEC_004" classname="com.shopvn.test.RegistrationFormTest" time="0.001"/>
  <testcase name="test_TC_REG_SPEC_005" classname="com.shopvn.test.RegistrationFormTest" time="0.001"/>
  <testcase name="test_TC_REG_SPEC_006" classname="com.shopvn.test.RegistrationFormTest" time="0.0"/>
  <testcase name="test_TC_REG_SPEC_007" classname="com.shopvn.test.RegistrationFormTest" time="0.0"/>
  <testcase name="test_TC_REG_SPEC_008" classname="com.shopvn.test.RegistrationFormTest" time="0.0"/>
</testsuite>