<?xml version="1.0" encoding="UTF-8"?>
<testsuite xmlns:xsi="http://www.w3.org/2001/XMLSchema-instance" xsi:noNamespaceSchemaLocation="https://maven.apache.org/surefire/maven-surefire-plugin/xsd/surefire-test-report-3.0.xsd" version="3.0" name="com.example.baitap.OrganizationValidatorTest" time="1.679" tests="20" errors="0" skipped="0" failures="0">
  <properties>
[...]
</properties>
  <testcase name="testTC05_InvalidData_WhitespaceOrgName" classname="com.example.baitap.OrganizationValidatorTest" time="0.471"/>
  <testcase name="testTC17_SaveFlow_Success" classname="com.example.baitap.OrganizationValidatorTest" time="0.224"/>
  <testcase name="testTC12_Boundary_OrgNameTooShort" classname="com.example.baitap.OrganizationValidatorTest" time="0.001"/>
  <testcase name="testTC01_ValidData_AllFields" classname="com.example.baitap.OrganizationValidatorTest" time="0.122"/>
  <testcase name="testTC19_BackFlow_NoSaveNoData" classname="com.example.baitap.OrganizationValidatorTest" time="0.058"/>
  <testcase name="testTC20_DirectorFlow_EnableAfterSave" classname="com.example.baitap.OrganizationValidatorTest" time="0.117"/>
  <testcase name="testTC14_Boundary_PhoneTooShort" classname="com.example.baitap.OrganizationValidatorTest" time="0.001"/>
  <testcase name="testTC13_Boundary_OrgNameMinLength" classname="com.example.baitap.OrganizationValidatorTest" time="0.001"/>
  <testcase name="testTC02_ValidData_OnlyRequiredField" classname="com.example.baitap.OrganizationValidatorTest" time="0.113"/>
  <testcase name="testTC10_DuplicateOrgName_ExactMatch" classname="com.example.baitap.OrganizationValidatorTest" time="0.179"/>
  <testcase name="testTC08_InvalidData_PhoneWithSpecialChars" classname="com.example.baitap.OrganizationValidatorTest" time="0.001"/>
  <testcase name="testTC16_Boundary_PhoneTooLong" classname="com.example.baitap.OrganizationValidatorTest" time="0.001"/>
  <testcase name="testTC07_InvalidData_EmailWithoutDomain" classname="com.example.baitap.OrganizationValidatorTest" time="0.001"/>
  <testcase name="testTC04_InvalidData_EmptyOrgName" classname="com.example.baitap.OrganizationValidatorTest" time="0.002"/>
  <testcase name="testTC18_SaveFlow_ValidationFail" classname="com.example.baitap.OrganizationValidatorTest" time="0.001"/>
  <testcase name="testTC11_DuplicateOrgName_CaseInsensitive" classname="com.example.baitap.OrganizationValidatorTest" time="0.169"/>
  <testcase name="testTC09_InvalidData_PhoneWithLetters" classname="com.example.baitap.OrganizationValidatorTest" time="0.001"/>
  <testcase name="testTC03_ValidData_CorrectPhoneAndEmailFormat" classname="com.example.baitap.OrganizationValidatorTest" time="0.116"/>
  <testcase name="testTC15_Boundary_PhoneMinLength" classname="com.example.baitap.OrganizationValidatorTest" time="0.001"/>
  <testcase name="testTC06_InvalidData_EmailWithoutAt" classname="com.example.baitap.OrganizationValidatorTest" time="0.002"/>
</testsuite>