<?xml version="1.0" encoding="UTF-8"?>
<!-- Generated by org.testng.reporters.JUnitReportReporter -->
<testsuite hostname="NHAT-PC" failures="0" tests="6" name="dtm.XepLoaiTest" time="0.033" errors="0" timestamp="2026-03-10T18:06:36 ICT" skipped="0">
  <testcase classname="dtm.XepLoaiTest" name="testTC4_Diem6_TrungBinh" time="0.003"/>
  <testcase classname="dtm.XepLoaiTest" name="testTC6_Diem3_KhongThiLai_YeuHocLai" time="0.001"/>
  <testcase classname="dtm.XepLoaiTest" name="testTC2_Diem9_Gioi" time="0.001"/>
  <testcase classname="dtm.XepLoaiTest" name="testTC5_Diem3_CoThiLai_ThiLai" time="0.001"/>
  <testcase classname="dtm.XepLoaiTest" name="testTC3_Diem7_Kha" time="0.001"/>
  <testcase classname="dtm.XepLoaiTest" name="testTC1_DiemAm_DiemKhongHopLe" time="0.026"/>
</testsuite> <!-- dtm.XepLoaiTest -->
