<?xml version="1.0" encoding="UTF-8"?>
<testsuite xmlns:xsi="http://www.w3.org/2001/XMLSchema-instance" xsi:noNamespaceSchemaLocation="https://maven.apache.org/surefire/maven-surefire-plugin/xsd/surefire-test-report-3.0.xsd" version="3.0" name="TestSuite" time="14.953" tests="3" errors="0" skipped="0" failures="0">
  <properties>
[...]
</properties>
  <testcase name="testApiLoginSuccess" classname="com.testing.ApiPreconditionUiTest" time="0.004">
    <system-out><![CDATA[
========== API PRECONDITION ==========
[API] Gọi POST /api/login trên reqres.in để lấy token...
Request method:	POST
Request URI:	https://reqres.in/api/login
Proxy:			<none>
Request params:	<none>
Query params:	<none>
Form params:	<none>
Path params:	<none>
Headers:		Accept=application/json
				x-api-key=reqres_d708866ddc594d8cb8b8c8407fd2e070
				Content-Type=application/json
Cookies:		<none>
Multiparts:		<none>
Body:
{
    "password": "cityslicka",
    "email": "eve.holt@reqres.in"
}
HTTP/1.1 200 OK
Date: Tue, 24 Mar 2026 10:20:00 GMT
Content-Type: application/json; charset=utf-8
Transfer-Encoding: chunked
Connection: keep-alive
Access-Control-Allow-Origin: *
Cache-Control: no-store
Cross-Origin-Opener-Policy: same-origin
Cross-Origin-Resource-Policy: same-origin
Etag: W/"1a6-OPYOvhNlJBNDjBInPmPS5KSNydc"
Nel: {"report_to":"heroku-nel","response_headers":["Via"],"max_age":3600,"success_fraction":0.01,"failure_fraction":0.1}
Origin-Agent-Cluster: ?1
Referrer-Policy: strict-origin-when-cross-origin
Report-To: {"group":"heroku-nel","endpoints":[{"url":"https://nel.heroku.com/reports?s=Qoz2SDxKH6AwVPZEB1nuV%2F47D%2BgSanumdOEI0j%2Fz%2BDw%3D\u0026sid=c4c9725f-1ab0-44d8-820f-430df2718e11\u0026ts=1774347600"}],"max_age":3600}
Reporting-Endpoints: heroku-nel="https://nel.heroku.com/reports?s=Qoz2SDxKH6AwVPZEB1nuV%2F47D%2BgSanumdOEI0j%2Fz%2BDw%3D&sid=c4c9725f-1ab0-44d8-820f-430df2718e11&ts=1774347600"
Server: cloudflare
Strict-Transport-Security: max-age=31536000; includeSubDomains
Via: 1.1 heroku-router
X-Content-Type-Options: nosniff
X-Dns-Prefetch-Control: off
X-Download-Options: noopen
X-Frame-Options: DENY
X-Permitted-Cross-Domain-Policies: none
X-Powered-By: ReqRes.in - Deploy backends in 30 seconds
X-Ratelimit-Limit: 250
X-Ratelimit-Remaining: 134
X-Ratelimit-Reset: 1774396800
X-Reqres-Docs: https://reqres.in
X-Reqres-Message: This API is powered by ReqRes. Deploy your own backend in 30 seconds!
X-Reqres-Templates: https://app.reqres.in/templates
X-Reqres-Tip: Generate a complete backend from a description - app.reqres.in/dashboard
X-Reqres-Trial: true
X-Reqres-Trial-Days-Remaining: 14
X-Reqres-Trial-Expires: 2026-04-07T06:38:55.777Z
X-Reqres-Upgrade: https://app.reqres.in/upgrade
X-Request-Id: b79cf619-e6b6-664e-457c-d1b06194ce6b
X-Robots-Tag: noindex, nofollow
X-Xss-Protection: 0
cf-cache-status: DYNAMIC
Content-Encoding: gzip
CF-RAY: 9e14f0d39b76fdaa-SIN

{
    "token": "QpwL5tke4Pnpja7X4",
    "_meta": {
        "powered_by": "ReqRes",
        "docs_url": "https://app.reqres.in/documentation",
        "upgrade_url": "https://app.reqres.in/upgrade",
        "example_url": "https://app.reqres.in/examples/notes-app",
        "variant": "v1_a",
        "message": "Classic ReqRes still works. Projects add persistence, auth, and logs.",
        "cta": {
            "label": "See example app",
            "url": "https://app.reqres.in/examples/notes-app"
        },
        "context": "legacy_success"
    }
}
[API] Status Code: 200
[API] ✅ Login thành công! Token: QpwL5tke4Pnpja7X4
======================================

[ASSERT] ✅ API login thành công, token hợp lệ: QpwL5tke4Pnpja7X4
]]></system-out>
    <system-err><![CDATA[SLF4J: Failed to load class "org.slf4j.impl.StaticLoggerBinder".
SLF4J: Defaulting to no-operation (NOP) logger implementation
SLF4J: See http://www.slf4j.org/codes.html#StaticLoggerBinder for further details.
]]></system-err>
  </testcase>
  <testcase name="testUiLoginSaucedemo" classname="com.testing.ApiPreconditionUiTest" time="4.624">
    <system-out><![CDATA[
========== API PRECONDITION ==========
[API] Gọi POST /api/login trên reqres.in để lấy token...
Request method:	POST
Request URI:	https://reqres.in/api/login
Proxy:			<none>
Request params:	<none>
Query params:	<none>
Form params:	<none>
Path params:	<none>
Headers:		Accept=application/json
				x-api-key=reqres_d708866ddc594d8cb8b8c8407fd2e070
				Content-Type=application/json
Cookies:		<none>
Multiparts:		<none>
Body:
{
    "password": "cityslicka",
    "email": "eve.holt@reqres.in"
}
HTTP/1.1 200 OK
Date: Tue, 24 Mar 2026 10:20:01 GMT
Content-Type: application/json; charset=utf-8
Transfer-Encoding: chunked
Connection: keep-alive
Access-Control-Allow-Origin: *
Cache-Control: no-store
Cross-Origin-Opener-Policy: same-origin
Cross-Origin-Resource-Policy: same-origin
Etag: W/"1a6-OPYOvhNlJBNDjBInPmPS5KSNydc"
Nel: {"report_to":"heroku-nel","response_headers":["Via"],"max_age":3600,"success_fraction":0.01,"failure_fraction":0.1}
Origin-Agent-Cluster: ?1
Referrer-Policy: strict-origin-when-cross-origin
Report-To: {"group":"heroku-nel","endpoints":[{"url":"https://nel.heroku.com/reports?s=IolgTbVcc1aojph2%2BQ7aiG6sAsnMnTcLxB1Gs7TXqGo%3D\u0026sid=c4c9725f-1ab0-44d8-820f-430df2718e11\u0026ts=1774347601"}],"max_age":3600}
Reporting-Endpoints: heroku-nel="https://nel.heroku.com/reports?s=IolgTbVcc1aojph2%2BQ7aiG6sAsnMnTcLxB1Gs7TXqGo%3D&sid=c4c9725f-1ab0-44d8-820f-430df2718e11&ts=1774347601"
Server: cloudflare
Strict-Transport-Security: max-age=31536000; includeSubDomains
Via: 1.1 heroku-router
X-Content-Type-Options: nosniff
X-Dns-Prefetch-Control: off
X-Download-Options: noopen
X-Frame-Options: DENY
X-Permitted-Cross-Domain-Policies: none
X-Powered-By: ReqRes.in - Deploy backends in 30 seconds
X-Ratelimit-Limit: 250
X-Ratelimit-Remaining: 133
X-Ratelimit-Reset: 1774396800
X-Reqres-Docs: https://reqres.in
X-Reqres-Message: This API is powered by ReqRes. Deploy your own backend in 30 seconds!
X-Reqres-Templates: https://app.reqres.in/templates
X-Reqres-Tip: Create your own API with custom data - app.reqres.in/dashboard
X-Reqres-Trial: true
X-Reqres-Trial-Days-Remaining: 14
X-Reqres-Trial-Expires: 2026-04-07T06:38:55.777Z
X-Reqres-Upgrade: https://app.reqres.in/upgrade
X-Request-Id: 592655cb-9cde-b990-6918-684dc2eb365c
X-Robots-Tag: noindex, nofollow
X-Xss-Protection: 0
cf-cache-status: DYNAMIC
Content-Encoding: gzip
CF-RAY: 9e14f0da5e17ff95-SIN

{
    "token": "QpwL5tke4Pnpja7X4",
    "_meta": {
        "powered_by": "ReqRes",
        "docs_url": "https://app.reqres.in/documentation",
        "upgrade_url": "https://app.reqres.in/upgrade",
        "example_url": "https://app.reqres.in/examples/notes-app",
        "variant": "v1_a",
        "message": "Classic ReqRes still works. Projects add persistence, auth, and logs.",
        "cta": {
            "label": "See example app",
            "url": "https://app.reqres.in/examples/notes-app"
        },
        "context": "legacy_success"
    }
}
[API] Status Code: 200
[API] ✅ Login thành công! Token: QpwL5tke4Pnpja7X4
======================================


========== UI VERIFICATION ==========
[UI] Mở trang https://www.saucedemo.com ...
[UI] Nhập username: standard_user
[UI] Nhập password: secret_sauce
[UI] Click nút Login...
[ASSERT] URL hiện tại: https://www.saucedemo.com/inventory.html
[ASSERT] ✅ URL chứa 'inventory'
[ASSERT] Title trang: Swag Labs
[ASSERT] ✅ Title = 'Swag Labs'
======================================

]]></system-out>
    <system-err><![CDATA[Mar 24, 2026 5:20:02 PM org.openqa.selenium.devtools.CdpVersionFinder findNearestMatch
WARNING: Unable to find CDP implementation matching 146
Mar 24, 2026 5:20:02 PM org.openqa.selenium.chromium.ChromiumDriver lambda$new$5
WARNING: Unable to find version of CDP to use for 146.0.7680.164. You may need to include a dependency on a specific version of the CDP using something similar to `org.seleniumhq.selenium:selenium-devtools-v86:4.18.1` where the version ("v86") matches the version of the chromium-based browser you're using and the version number of the artifact is the same as Selenium's.
]]></system-err>
  </testcase>
  <testcase name="testFullIntegrationFlow" classname="com.testing.FullIntegrationFlowTest" time="5.653">
    <system-out><![CDATA[
========== API HEALTH CHECK ==========
[API] Gọi GET /api/users để kiểm tra reqres.in đang hoạt động...
Request method:	GET
Request URI:	https://reqres.in/api/users
Proxy:			<none>
Request params:	<none>
Query params:	<none>
Form params:	<none>
Path params:	<none>
Headers:		Accept=application/json
				x-api-key=reqres_d708866ddc594d8cb8b8c8407fd2e070
				Content-Type=application/json
Cookies:		<none>
Multiparts:		<none>
Body:			<none>
HTTP/1.1 200 OK
Date: Tue, 24 Mar 2026 10:20:06 GMT
Content-Type: application/json; charset=utf-8
Transfer-Encoding: chunked
Connection: keep-alive
Access-Control-Allow-Origin: *
Cache-Control: no-store
Cross-Origin-Opener-Policy: same-origin
Cross-Origin-Resource-Policy: same-origin
Etag: W/"5c6-O/lwD5ZEDSS1eCnJVASaEbXjskM"
Nel: {"report_to":"heroku-nel","response_headers":["Via"],"max_age":3600,"success_fraction":0.01,"failure_fraction":0.1}
Origin-Agent-Cluster: ?1
Ratelimit-Limit: 20
Ratelimit-Policy: 20;w=60
Ratelimit-Remaining: 19
Ratelimit-Reset: 60
Referrer-Policy: strict-origin-when-cross-origin
Report-To: {"group":"heroku-nel","endpoints":[{"url":"https://nel.heroku.com/reports?s=jxguLE2OxCWUqpIc%2FjiWhhP9LGEtTvY4H2BCMKLCuYo%3D\u0026sid=c4c9725f-1ab0-44d8-820f-430df2718e11\u0026ts=1774347606"}],"max_age":3600}
Reporting-Endpoints: heroku-nel="https://nel.heroku.com/reports?s=jxguLE2OxCWUqpIc%2FjiWhhP9LGEtTvY4H2BCMKLCuYo%3D&sid=c4c9725f-1ab0-44d8-820f-430df2718e11&ts=1774347606"
Server: cloudflare
Strict-Transport-Security: max-age=31536000; includeSubDomains
Via: 1.1 heroku-router
X-Content-Type-Options: nosniff
X-Dns-Prefetch-Control: off
X-Download-Options: noopen
X-Frame-Options: DENY
X-Permitted-Cross-Domain-Policies: none
X-Powered-By: ReqRes.in - Deploy backends in 30 seconds
X-Ratelimit-Limit: 250
X-Ratelimit-Remaining: 132
X-Ratelimit-Reset: 1774396800
X-Reqres-Docs: https://reqres.in
X-Reqres-Message: This API is powered by ReqRes. Deploy your own backend in 30 seconds!
X-Reqres-Templates: https://app.reqres.in/templates
X-Reqres-Tip: Need more than /api/users? Build custom collections - app.reqres.in/dashboard
X-Reqres-Trial: true
X-Reqres-Trial-Days-Remaining: 14
X-Reqres-Trial-Expires: 2026-04-07T06:38:55.777Z
X-Reqres-Upgrade: https://app.reqres.in/upgrade
X-Request-Id: 732c15a7-1c66-fadc-199b-e634003715cd
X-Robots-Tag: noindex, nofollow
X-Xss-Protection: 0
cf-cache-status: BYPASS
Content-Encoding: gzip
CF-RAY: 9e14f0fb4f9e8b8a-SIN

{
    "page": 1,
    "per_page": 6,
    "total": 12,
    "total_pages": 2,
    "data": [
        {
            "id": 1,
            "email": "george.bluth@reqres.in",
            "first_name": "George",
            "last_name": "Bluth",
            "avatar": "https://reqres.in/img/faces/1-image.jpg"
        },
        {
            "id": 2,
            "email": "janet.weaver@reqres.in",
            "first_name": "Janet",
            "last_name": "Weaver",
            "avatar": "https://reqres.in/img/faces/2-image.jpg"
        },
        {
            "id": 3,
            "email": "emma.wong@reqres.in",
            "first_name": "Emma",
            "last_name": "Wong",
            "avatar": "https://reqres.in/img/faces/3-image.jpg"
        },
        {
            "id": 4,
            "email": "eve.holt@reqres.in",
            "first_name": "Eve",
            "last_name": "Holt",
            "avatar": "https://reqres.in/img/faces/4-image.jpg"
        },
        {
            "id": 5,
            "email": "charles.morris@reqres.in",
            "first_name": "Charles",
            "last_name": "Morris",
            "avatar": "https://reqres.in/img/faces/5-image.jpg"
        },
        {
            "id": 6,
            "email": "tracey.ramos@reqres.in",
            "first_name": "Tracey",
            "last_name": "Ramos",
            "avatar": "https://reqres.in/img/faces/6-image.jpg"
        }
    ],
    "support": {
        "url": "https://benhowdle.im/first-cto-playbook?utm_source=reqres&utm_medium=json&utm_campaign=referral",
        "text": "Become a better CTO. A playbook of painful stories and practical advice from a two-time startup CTO."
    },
    "_meta": {
        "powered_by": "ReqRes",
        "docs_url": "https://app.reqres.in/documentation",
        "upgrade_url": "https://app.reqres.in/upgrade",
        "example_url": "https://app.reqres.in/examples/notes-app",
        "variant": "v1_a",
        "message": "Classic ReqRes still works. Projects add persistence, auth, and logs.",
        "cta": {
            "label": "See example app",
            "url": "https://app.reqres.in/examples/notes-app"
        },
        "context": "legacy_success"
    }
}
[API] Status Code: 200
[API] ✅ API đang sống!
======================================


========== FULL INTEGRATION FLOW ==========
[UI ACTION] Mở trang saucedemo.com...
[UI ACTION] Nhập username: standard_user
[UI ACTION] Nhập password: secret_sauce
[UI ACTION] Click Login...
[ASSERTION] ✅ Đăng nhập thành công!
[UI ACTION] Thêm sản phẩm thứ 1 (Sauce Labs Backpack) vào giỏ...
[UI ACTION] ✅ Đã thêm sản phẩm 1
[UI ACTION] Thêm sản phẩm thứ 2 (Sauce Labs Bike Light) vào giỏ...
[UI ACTION] ✅ Đã thêm sản phẩm 2
[ASSERTION] Badge giỏ hàng: 2
[ASSERTION] ✅ Badge = 2
[UI ACTION] Click vào giỏ hàng...
[ASSERTION] Số sản phẩm trong giỏ: 2
[ASSERTION] ✅ Giỏ hàng có đúng 2 sản phẩm
===========================================

]]></system-out>
    <system-err><![CDATA[Mar 24, 2026 5:20:06 PM org.openqa.selenium.devtools.CdpVersionFinder findNearestMatch
WARNING: Unable to find CDP implementation matching 146
Mar 24, 2026 5:20:06 PM org.openqa.selenium.chromium.ChromiumDriver lambda$new$5
WARNING: Unable to find version of CDP to use for 146.0.7680.164. You may need to include a dependency on a specific version of the CDP using something similar to `org.seleniumhq.selenium:selenium-devtools-v86:4.18.1` where the version ("v86") matches the version of the chromium-based browser you're using and the version number of the artifact is the same as Selenium's.
]]></system-err>
  </testcase>
</testsuite>