<?xml version="1.0" encoding="UTF-8"?>
<testng-results ignored="0" total="3" passed="3" failed="0" skipped="0">
  <reporter-output>
  </reporter-output>
  <suite started-at="2026-03-24T17:19:56 ICT" name="Surefire suite" finished-at="2026-03-24T17:20:11 ICT" duration-ms="14622">
    <groups>
    </groups>
    <test started-at="2026-03-24T17:19:56 ICT" name="Surefire test" finished-at="2026-03-24T17:20:11 ICT" duration-ms="14622">
      <class name="com.testing.ApiPreconditionUiTest">
        <test-method is-config="true" signature="setupApiSpec()[pri:0, instance:com.testing.ApiPreconditionUiTest@4c9f8c13]" started-at="2026-03-24T17:19:56 ICT" name="setupApiSpec" finished-at="2026-03-24T17:19:57 ICT" duration-ms="501" status="PASS">
          <reporter-output>
          </reporter-output>
        </test-method> <!-- setupApiSpec -->
        <test-method is-config="true" signature="apiLoginPrecondition()[pri:0, instance:com.testing.ApiPreconditionUiTest@4c9f8c13]" started-at="2026-03-24T17:19:57 ICT" name="apiLoginPrecondition" finished-at="2026-03-24T17:19:59 ICT" duration-ms="2620" status="PASS">
          <reporter-output>
          </reporter-output>
        </test-method> <!-- apiLoginPrecondition -->
        <test-method signature="testApiLoginSuccess()[pri:0, instance:com.testing.ApiPreconditionUiTest@4c9f8c13]" started-at="2026-03-24T17:19:59 ICT" name="testApiLoginSuccess" finished-at="2026-03-24T17:19:59 ICT" duration-ms="4" status="PASS">
          <reporter-output>
          </reporter-output>
        </test-method> <!-- testApiLoginSuccess -->
        <test-method is-config="true" signature="apiLoginPrecondition()[pri:0, instance:com.testing.ApiPreconditionUiTest@4c9f8c13]" started-at="2026-03-24T17:19:59 ICT" name="apiLoginPrecondition" finished-at="2026-03-24T17:20:00 ICT" duration-ms="528" status="PASS">
          <reporter-output>
          </reporter-output>
        </test-method> <!-- apiLoginPrecondition -->
        <test-method signature="testUiLoginSaucedemo()[pri:0, instance:com.testing.ApiPreconditionUiTest@4c9f8c13]" started-at="2026-03-24T17:20:00 ICT" name="testUiLoginSaucedemo" finished-at="2026-03-24T17:20:05 ICT" depends-on-methods="com.testing.ApiPreconditionUiTest.testApiLoginSuccess" duration-ms="4625" status="PASS">
          <reporter-output>
          </reporter-output>
        </test-method> <!-- testUiLoginSaucedemo -->
      </class> <!-- com.testing.ApiPreconditionUiTest -->
      <class name="com.testing.FullIntegrationFlowTest">
        <test-method is-config="true" signature="setupApiSpec()[pri:0, instance:com.testing.FullIntegrationFlowTest@70e8f8e]" started-at="2026-03-24T17:20:05 ICT" name="setupApiSpec" finished-at="2026-03-24T17:20:05 ICT" duration-ms="2" status="PASS">
          <reporter-output>
          </reporter-output>
        </test-method> <!-- setupApiSpec -->
        <test-method is-config="true" signature="checkApiHealth()[pri:0, instance:com.testing.FullIntegrationFlowTest@70e8f8e]" started-at="2026-03-24T17:20:05 ICT" name="checkApiHealth" finished-at="2026-03-24T17:20:05 ICT" depends-on-methods="com.testing.ApiBaseTest.setupApiSpec" duration-ms="653" status="PASS">
          <reporter-output>
          </reporter-output>
        </test-method> <!-- checkApiHealth -->
        <test-method signature="testFullIntegrationFlow()[pri:0, instance:com.testing.FullIntegrationFlowTest@70e8f8e]" started-at="2026-03-24T17:20:05 ICT" name="testFullIntegrationFlow" finished-at="2026-03-24T17:20:11 ICT" duration-ms="5659" status="PASS">
          <reporter-output>
          </reporter-output>
        </test-method> <!-- testFullIntegrationFlow -->
        <test-method is-config="true" signature="skipIfApiDown()[pri:0, instance:com.testing.FullIntegrationFlowTest@70e8f8e]" started-at="2026-03-24T17:20:05 ICT" name="skipIfApiDown" finished-at="2026-03-24T17:20:05 ICT" duration-ms="0" status="PASS">
          <reporter-output>
          </reporter-output>
        </test-method> <!-- skipIfApiDown -->
      </class> <!-- com.testing.FullIntegrationFlowTest -->
    </test> <!-- Surefire test -->
  </suite> <!-- Surefire suite -->
</testng-results>
