<?xml version="1.0" encoding="UTF-8"?>
<testng-results ignored="0" total="6" passed="6" failed="0" skipped="0">
  <reporter-output>
  </reporter-output>
  <suite started-at="2026-03-10T23:15:40 ICT" name="Branch Coverage Suite" finished-at="2026-03-10T23:15:41 ICT" duration-ms="105">
    <groups>
    </groups>
    <test started-at="2026-03-10T23:15:40 ICT" name="TinhTienNuoc Branch Coverage Test" finished-at="2026-03-10T23:15:41 ICT" duration-ms="105">
      <class name="dtm.TinhTienNuocTest">
        <test-method signature="testTC1_SoM3Bang0_Return0()[pri:0, instance:dtm.TinhTienNuocTest@4313f5bc]" started-at="2026-03-10T23:15:40 ICT" name="testTC1_SoM3Bang0_Return0" finished-at="2026-03-10T23:15:40 ICT" duration-ms="20" status="PASS">
          <reporter-output>
          </reporter-output>
        </test-method> <!-- testTC1_SoM3Bang0_Return0 -->
        <test-method signature="testTC2_HoNgheo_DonGia5000()[pri:0, instance:dtm.TinhTienNuocTest@4313f5bc]" started-at="2026-03-10T23:15:41 ICT" name="testTC2_HoNgheo_DonGia5000" finished-at="2026-03-10T23:15:41 ICT" duration-ms="2" status="PASS">
          <reporter-output>
          </reporter-output>
        </test-method> <!-- testTC2_HoNgheo_DonGia5000 -->
        <test-method signature="testTC3_DanCu_SoM3Nho_DonGia7500()[pri:0, instance:dtm.TinhTienNuocTest@4313f5bc]" started-at="2026-03-10T23:15:41 ICT" name="testTC3_DanCu_SoM3Nho_DonGia7500" finished-at="2026-03-10T23:15:41 ICT" duration-ms="1" status="PASS">
          <reporter-output>
          </reporter-output>
        </test-method> <!-- testTC3_DanCu_SoM3Nho_DonGia7500 -->
        <test-method signature="testTC4_DanCu_SoM3Vua_DonGia9900()[pri:0, instance:dtm.TinhTienNuocTest@4313f5bc]" started-at="2026-03-10T23:15:41 ICT" name="testTC4_DanCu_SoM3Vua_DonGia9900" finished-at="2026-03-10T23:15:41 ICT" duration-ms="0" status="PASS">
          <reporter-output>
          </reporter-output>
        </test-method> <!-- testTC4_DanCu_SoM3Vua_DonGia9900 -->
        <test-method signature="testTC5_DanCu_SoM3Lon_DonGia11400()[pri:0, instance:dtm.TinhTienNuocTest@4313f5bc]" started-at="2026-03-10T23:15:41 ICT" name="testTC5_DanCu_SoM3Lon_DonGia11400" finished-at="2026-03-10T23:15:41 ICT" duration-ms="1" status="PASS">
          <reporter-output>
          </reporter-output>
        </test-method> <!-- testTC5_DanCu_SoM3Lon_DonGia11400 -->
        <test-method signature="testTC6_KinhDoanh_DonGia22000()[pri:0, instance:dtm.TinhTienNuocTest@4313f5bc]" started-at="2026-03-10T23:15:41 ICT" name="testTC6_KinhDoanh_DonGia22000" finished-at="2026-03-10T23:15:41 ICT" duration-ms="0" status="PASS">
          <reporter-output>
          </reporter-output>
        </test-method> <!-- testTC6_KinhDoanh_DonGia22000 -->
      </class> <!-- dtm.TinhTienNuocTest -->
    </test> <!-- TinhTienNuoc Branch Coverage Test -->
  </suite> <!-- Branch Coverage Suite -->
</testng-results>
