<?xml version="1.0" encoding="UTF-8"?>
<!-- Generated by org.testng.reporters.JUnitXMLReporter -->
<testsuite ignored="0" hostname="NHAT-PC" failures="0" tests="11" name="Title Test" time="33.188" errors="0" timestamp="2026-03-10T15:30:25 ICT">
  <testcase classname="dtm.TitleTest" name="testAcceptedUsernamesDisplayed" time="0.664"/>
  <testcase classname="dtm.TitleTest" name="testInputPlaceholders" time="0.172"/>
  <testcase classname="dtm.TitleTest" name="testLoginFormDisplayed" time="1.002"/>
  <testcase classname="dtm.TitleTest" name="testLoginWithEmptyFields" time="1.054"/>
  <testcase classname="dtm.TitleTest" name="testLoginWithInvalidCredentials" time="0.764"/>
  <testcase classname="dtm.TitleTest" name="testLoginWithValidCredentials" time="0.744"/>
  <testcase classname="dtm.TitleTest" name="testLogoDisplayed" time="0.091"/>
  <testcase classname="dtm.TitleTest" name="testPageSource" time="0.017"/>
  <testcase classname="dtm.TitleTest" name="testPasswordFieldType" time="0.068"/>
  <testcase classname="dtm.TitleTest" name="testTitle" time="0.018"/>
  <testcase classname="dtm.TitleTest" name="testURL" time="0.752"/>
</testsuite> <!-- Title Test -->
