<?xml version="1.0" encoding="UTF-8"?>
<testsuite xmlns:xsi="http://www.w3.org/2001/XMLSchema-instance" xsi:noNamespaceSchemaLocation="https://maven.apache.org/surefire/maven-surefire-plugin/xsd/surefire-test-report-3.0.xsd" version="3.0" name="TestSuite" time="75.889" tests="15" errors="0" skipped="0" failures="1">
  <properties>
[...]
</properties>
  <testcase name="Đăng nhập thành công - standard_user[standard_user, secret_sauce, inventory.html, Đăng nhập thành công - standard_user](1)" classname="tests.LoginExcelTest" time="0.675">
    <system-out><![CDATA[▶ Kiểm tra và tạo dữ liệu Excel: D:\KiemThuPhanMem\BTTuan9\Bai3/src/test/resources/testdata/login_data.xlsx
✅ Đã tạo file dữ liệu test: D:\KiemThuPhanMem\BTTuan9\Bai3/src/test/resources/testdata/login_data.xlsx
▶ Setup: chrome | dev
▶ [SMOKE] Đăng nhập thành công - standard_user | user=standard_user
]]></system-out>
    <system-err><![CDATA[SLF4J(W): No SLF4J providers were found.
SLF4J(W): Defaulting to no-operation (NOP) logger implementation
SLF4J(W): See https://www.slf4j.org/codes.html#noProviders for further details.
ERROR StatusLogger Log4j2 could not find a logging implementation. Please add log4j-core to the classpath. Using SimpleLogger to log to the console...
Mar 17, 2026 4:41:00 PM org.openqa.selenium.devtools.CdpVersionFinder findNearestMatch
WARNING: Unable to find CDP implementation matching 146
Mar 17, 2026 4:41:00 PM org.openqa.selenium.chromium.ChromiumDriver lambda$new$5
WARNING: Unable to find version of CDP to use for 146.0.7680.80. You may need to include a dependency on a specific version of the CDP using something similar to `org.seleniumhq.selenium:selenium-devtools-v86:4.18.1` where the version ("v86") matches the version of the chromium-based browser you're using and the version number of the artifact is the same as Selenium's.
]]></system-err>
  </testcase>
  <testcase name="Đăng nhập thành công - problem_user[problem_user, secret_sauce, inventory.html, Đăng nhập thành công - problem_user](2)" classname="tests.LoginExcelTest" time="0.732">
    <system-out><![CDATA[⏹ Đăng nhập thành công - standard_user → PASS ✔
▶ Setup: chrome | dev
▶ [SMOKE] Đăng nhập thành công - problem_user | user=problem_user
]]></system-out>
    <system-err><![CDATA[Mar 17, 2026 4:41:06 PM org.openqa.selenium.devtools.CdpVersionFinder findNearestMatch
WARNING: Unable to find CDP implementation matching 146
Mar 17, 2026 4:41:06 PM org.openqa.selenium.chromium.ChromiumDriver lambda$new$5
WARNING: Unable to find version of CDP to use for 146.0.7680.80. You may need to include a dependency on a specific version of the CDP using something similar to `org.seleniumhq.selenium:selenium-devtools-v86:4.18.1` where the version ("v86") matches the version of the chromium-based browser you're using and the version number of the artifact is the same as Selenium's.
]]></system-err>
  </testcase>
  <testcase name="Đăng nhập thành công - performance_glitch_user[performance_glitch_user, secret_sauce, inventory.html, Đăng nhập thành công - performance_glitch_user](3)" classname="tests.LoginExcelTest" time="7.146">
    <system-out><![CDATA[⏹ Đăng nhập thành công - problem_user → PASS ✔
▶ Setup: chrome | dev
▶ [SMOKE] Đăng nhập thành công - performance_glitch_user | user=performance_glitch_user
]]></system-out>
    <system-err><![CDATA[Mar 17, 2026 4:41:09 PM org.openqa.selenium.devtools.CdpVersionFinder findNearestMatch
WARNING: Unable to find CDP implementation matching 146
Mar 17, 2026 4:41:09 PM org.openqa.selenium.chromium.ChromiumDriver lambda$new$5
WARNING: Unable to find version of CDP to use for 146.0.7680.80. You may need to include a dependency on a specific version of the CDP using something similar to `org.seleniumhq.selenium:selenium-devtools-v86:4.18.1` where the version ("v86") matches the version of the chromium-based browser you're using and the version number of the artifact is the same as Selenium's.
]]></system-err>
  </testcase>
  <testcase name="Đăng nhập thành công - error_user[error_user, secret_sauce, inventory.html, Đăng nhập thành công - error_user](4)" classname="tests.LoginExcelTest" time="0.688">
    <system-out><![CDATA[⏹ Đăng nhập thành công - performance_glitch_user → PASS ✔
▶ Setup: chrome | dev
▶ [SMOKE] Đăng nhập thành công - error_user | user=error_user
]]></system-out>
    <system-err><![CDATA[Mar 17, 2026 4:41:19 PM org.openqa.selenium.devtools.CdpVersionFinder findNearestMatch
WARNING: Unable to find CDP implementation matching 146
Mar 17, 2026 4:41:19 PM org.openqa.selenium.chromium.ChromiumDriver lambda$new$5
WARNING: Unable to find version of CDP to use for 146.0.7680.80. You may need to include a dependency on a specific version of the CDP using something similar to `org.seleniumhq.selenium:selenium-devtools-v86:4.18.1` where the version ("v86") matches the version of the chromium-based browser you're using and the version number of the artifact is the same as Selenium's.
]]></system-err>
  </testcase>
  <testcase name="Username chuỗi dài 102 ký tự[aaaaaaaaaaaaaaaaaaaaaaaaaaaaaaaaaaaaaaaaaaaaaaaaaaaaaaaaaaaaaaaaaaaaaaaaaaaaaaaaaaaaaaaaaaaaaaaaaaaaaa, secret_sauce, Username and password, Username chuỗi dài 102 ký tự](1)" classname="tests.LoginExcelTest" time="1.796">
    <system-out><![CDATA[⏹ Đăng nhập thành công - error_user → PASS ✔
▶ Setup: chrome | dev
▶ [BOUNDARY] Username chuỗi dài 102 ký tự | user.length=102
]]></system-out>
    <system-err><![CDATA[Mar 17, 2026 4:41:24 PM org.openqa.selenium.devtools.CdpVersionFinder findNearestMatch
WARNING: Unable to find CDP implementation matching 146
Mar 17, 2026 4:41:24 PM org.openqa.selenium.chromium.ChromiumDriver lambda$new$5
WARNING: Unable to find version of CDP to use for 146.0.7680.80. You may need to include a dependency on a specific version of the CDP using something similar to `org.seleniumhq.selenium:selenium-devtools-v86:4.18.1` where the version ("v86") matches the version of the chromium-based browser you're using and the version number of the artifact is the same as Selenium's.
]]></system-err>
  </testcase>
  <testcase name="Username chứa ký tự đặc biệt[user!@#$%^&amp;*(), secret_sauce, Username and password, Username chứa ký tự đặc biệt](2)" classname="tests.LoginExcelTest" time="0.773">
    <system-out><![CDATA[⏹ Username chuỗi dài 102 ký tự → PASS ✔
▶ Setup: chrome | dev
▶ [BOUNDARY] Username chứa ký tự đặc biệt | user.length=14
]]></system-out>
    <system-err><![CDATA[Mar 17, 2026 4:41:27 PM org.openqa.selenium.devtools.CdpVersionFinder findNearestMatch
WARNING: Unable to find CDP implementation matching 146
Mar 17, 2026 4:41:27 PM org.openqa.selenium.chromium.ChromiumDriver lambda$new$5
WARNING: Unable to find version of CDP to use for 146.0.7680.80. You may need to include a dependency on a specific version of the CDP using something similar to `org.seleniumhq.selenium:selenium-devtools-v86:4.18.1` where the version ("v86") matches the version of the chromium-based browser you're using and the version number of the artifact is the same as Selenium's.
]]></system-err>
  </testcase>
  <testcase name="SQL Injection pattern[&apos; OR &apos;1&apos;=&apos;1&apos;; --, &apos; OR &apos;1&apos;=&apos;1, Username and password, SQL Injection pattern](3)" classname="tests.LoginExcelTest" time="0.629">
    <system-out><![CDATA[⏹ Username chứa ký tự đặc biệt → PASS ✔
▶ Setup: chrome | dev
▶ [BOUNDARY] SQL Injection pattern | user.length=16
]]></system-out>
    <system-err><![CDATA[Mar 17, 2026 4:41:30 PM org.openqa.selenium.devtools.CdpVersionFinder findNearestMatch
WARNING: Unable to find CDP implementation matching 146
Mar 17, 2026 4:41:30 PM org.openqa.selenium.chromium.ChromiumDriver lambda$new$5
WARNING: Unable to find version of CDP to use for 146.0.7680.80. You may need to include a dependency on a specific version of the CDP using something similar to `org.seleniumhq.selenium:selenium-devtools-v86:4.18.1` where the version ("v86") matches the version of the chromium-based browser you're using and the version number of the artifact is the same as Selenium's.
]]></system-err>
  </testcase>
  <testcase name="Username Unicode tiếng Việt[nguyễnvănanh, mậtkhẩu123, Username and password, Username Unicode tiếng Việt](4)" classname="tests.LoginExcelTest" time="0.676">
    <system-out><![CDATA[⏹ SQL Injection pattern → PASS ✔
▶ Setup: chrome | dev
▶ [BOUNDARY] Username Unicode tiếng Việt | user.length=12
]]></system-out>
    <system-err><![CDATA[Mar 17, 2026 4:41:34 PM org.openqa.selenium.devtools.CdpVersionFinder findNearestMatch
WARNING: Unable to find CDP implementation matching 146
Mar 17, 2026 4:41:34 PM org.openqa.selenium.chromium.ChromiumDriver lambda$new$5
WARNING: Unable to find version of CDP to use for 146.0.7680.80. You may need to include a dependency on a specific version of the CDP using something similar to `org.seleniumhq.selenium:selenium-devtools-v86:4.18.1` where the version ("v86") matches the version of the chromium-based browser you're using and the version number of the artifact is the same as Selenium's.
]]></system-err>
  </testcase>
  <testcase name="Password chỉ là dấu cách[standard_user, , Username and password, Password chỉ là dấu cách](5)" classname="tests.LoginExcelTest" time="0.715">
    <failure message="[Password chỉ là dấu cách] Lỗi phải chứa: &quot;Username and password&quot; | Thực tế: &quot;Epic sadface: Password is required&quot; expected [true] but found [false]" type="java.lang.AssertionError"><![CDATA[java.lang.AssertionError: [Password chỉ là dấu cách] Lỗi phải chứa: "Username and password" | Thực tế: "Epic sadface: Password is required" expected [true] but found [false]
	at org.testng.Assert.fail(Assert.java:111)
	at org.testng.Assert.failNotEquals(Assert.java:1578)
	at org.testng.Assert.assertTrue(Assert.java:57)
	at tests.LoginExcelTest.testBoundaryCases(LoginExcelTest.java:179)
	at java.base/jdk.internal.reflect.DirectMethodHandleAccessor.invoke(DirectMethodHandleAccessor.java:103)
	at java.base/java.lang.reflect.Method.invoke(Method.java:580)
	at org.testng.internal.invokers.MethodInvocationHelper.invokeMethod(MethodInvocationHelper.java:139)
	at org.testng.internal.invokers.TestInvoker.invokeMethod(TestInvoker.java:664)
	at org.testng.internal.invokers.TestInvoker.invokeTestMethod(TestInvoker.java:228)
	at org.testng.internal.invokers.MethodRunner.runInSequence(MethodRunner.java:63)
	at org.testng.internal.invokers.TestInvoker$MethodInvocationAgent.invoke(TestInvoker.java:961)
	at org.testng.internal.invokers.TestInvoker.invokeTestMethods(TestInvoker.java:201)
	at org.testng.internal.invokers.TestMethodWorker.invokeTestMethods(TestMethodWorker.java:148)
	at org.testng.internal.invokers.TestMethodWorker.run(TestMethodWorker.java:128)
	at java.base/java.util.ArrayList.forEach(ArrayList.java:1596)
	at org.testng.TestRunner.privateRun(TestRunner.java:819)
	at org.testng.TestRunner.run(TestRunner.java:619)
	at org.testng.SuiteRunner.runTest(SuiteRunner.java:443)
	at org.testng.SuiteRunner.runSequentially(SuiteRunner.java:437)
	at org.testng.SuiteRunner.privateRun(SuiteRunner.java:397)
	at org.testng.SuiteRunner.run(SuiteRunner.java:336)
	at org.testng.SuiteRunnerWorker.runSuite(SuiteRunnerWorker.java:52)
	at org.testng.SuiteRunnerWorker.run(SuiteRunnerWorker.java:95)
	at org.testng.TestNG.runSuitesSequentially(TestNG.java:1301)
	at org.testng.TestNG.runSuitesLocally(TestNG.java:1228)
	at org.testng.TestNG.runSuites(TestNG.java:1134)
	at org.testng.TestNG.run(TestNG.java:1101)
	at org.apache.maven.surefire.testng.TestNGExecutor.run(TestNGExecutor.java:308)
	at org.apache.maven.surefire.testng.TestNGXmlTestSuite.execute(TestNGXmlTestSuite.java:71)
	at org.apache.maven.surefire.testng.TestNGProvider.invoke(TestNGProvider.java:113)
	at org.apache.maven.surefire.booter.ForkedBooter.runSuitesInProcess(ForkedBooter.java:385)
	at org.apache.maven.surefire.booter.ForkedBooter.execute(ForkedBooter.java:162)
	at org.apache.maven.surefire.booter.ForkedBooter.run(ForkedBooter.java:507)
	at org.apache.maven.surefire.booter.ForkedBooter.main(ForkedBooter.java:495)
]]></failure>
    <system-out><![CDATA[⏹ Username Unicode tiếng Việt → PASS ✔
▶ Setup: chrome | dev
▶ [BOUNDARY] Password chỉ là dấu cách | user.length=13
]]></system-out>
    <system-err><![CDATA[Mar 17, 2026 4:41:40 PM org.openqa.selenium.devtools.CdpVersionFinder findNearestMatch
WARNING: Unable to find CDP implementation matching 146
Mar 17, 2026 4:41:40 PM org.openqa.selenium.chromium.ChromiumDriver lambda$new$5
WARNING: Unable to find version of CDP to use for 146.0.7680.80. You may need to include a dependency on a specific version of the CDP using something similar to `org.seleniumhq.selenium:selenium-devtools-v86:4.18.1` where the version ("v86") matches the version of the chromium-based browser you're using and the version number of the artifact is the same as Selenium's.
]]></system-err>
  </testcase>
  <testcase name="Tài khoản bị khóa[locked_out_user, secret_sauce, locked out, Tài khoản bị khóa](1)" classname="tests.LoginExcelTest" time="0.801">
    <system-out><![CDATA[📸 Screenshot: screenshots/Password chỉ là dấu cách_20260317_164143.png
⏹ Password chỉ là dấu cách → FAIL ✘
▶ Setup: chrome | dev
▶ [NEGATIVE] Tài khoản bị khóa | user=locked_out_user
]]></system-out>
    <system-err><![CDATA[Mar 17, 2026 4:41:44 PM org.openqa.selenium.devtools.CdpVersionFinder findNearestMatch
WARNING: Unable to find CDP implementation matching 146
Mar 17, 2026 4:41:44 PM org.openqa.selenium.chromium.ChromiumDriver lambda$new$5
WARNING: Unable to find version of CDP to use for 146.0.7680.80. You may need to include a dependency on a specific version of the CDP using something similar to `org.seleniumhq.selenium:selenium-devtools-v86:4.18.1` where the version ("v86") matches the version of the chromium-based browser you're using and the version number of the artifact is the same as Selenium's.
]]></system-err>
  </testcase>
  <testcase name="Sai mật khẩu[standard_user, wrong_password, Username and password, Sai mật khẩu](2)" classname="tests.LoginExcelTest" time="0.818">
    <system-out><![CDATA[⏹ Tài khoản bị khóa → PASS ✔
▶ Setup: chrome | dev
▶ [NEGATIVE] Sai mật khẩu | user=standard_user
]]></system-out>
    <system-err><![CDATA[Mar 17, 2026 4:41:46 PM org.openqa.selenium.devtools.CdpVersionFinder findNearestMatch
WARNING: Unable to find CDP implementation matching 146
Mar 17, 2026 4:41:46 PM org.openqa.selenium.chromium.ChromiumDriver lambda$new$5
WARNING: Unable to find version of CDP to use for 146.0.7680.80. You may need to include a dependency on a specific version of the CDP using something similar to `org.seleniumhq.selenium:selenium-devtools-v86:4.18.1` where the version ("v86") matches the version of the chromium-based browser you're using and the version number of the artifact is the same as Selenium's.
]]></system-err>
  </testcase>
  <testcase name="Để trống cả hai trường[, , Username is required, Để trống cả hai trường](3)" classname="tests.LoginExcelTest" time="0.611">
    <system-out><![CDATA[⏹ Sai mật khẩu → PASS ✔
▶ Setup: chrome | dev
▶ [NEGATIVE] Để trống cả hai trường | user=
]]></system-out>
    <system-err><![CDATA[Mar 17, 2026 4:41:50 PM org.openqa.selenium.devtools.CdpVersionFinder findNearestMatch
WARNING: Unable to find CDP implementation matching 146
Mar 17, 2026 4:41:50 PM org.openqa.selenium.chromium.ChromiumDriver lambda$new$5
WARNING: Unable to find version of CDP to use for 146.0.7680.80. You may need to include a dependency on a specific version of the CDP using something similar to `org.seleniumhq.selenium:selenium-devtools-v86:4.18.1` where the version ("v86") matches the version of the chromium-based browser you're using and the version number of the artifact is the same as Selenium's.
]]></system-err>
  </testcase>
  <testcase name="Để trống password[standard_user, , Password is required, Để trống password](4)" classname="tests.LoginExcelTest" time="0.494">
    <system-out><![CDATA[⏹ Để trống cả hai trường → PASS ✔
▶ Setup: chrome | dev
▶ [NEGATIVE] Để trống password | user=standard_user
]]></system-out>
    <system-err><![CDATA[Mar 17, 2026 4:41:57 PM org.openqa.selenium.devtools.CdpVersionFinder findNearestMatch
WARNING: Unable to find CDP implementation matching 146
Mar 17, 2026 4:41:57 PM org.openqa.selenium.chromium.ChromiumDriver lambda$new$5
WARNING: Unable to find version of CDP to use for 146.0.7680.80. You may need to include a dependency on a specific version of the CDP using something similar to `org.seleniumhq.selenium:selenium-devtools-v86:4.18.1` where the version ("v86") matches the version of the chromium-based browser you're using and the version number of the artifact is the same as Selenium's.
]]></system-err>
  </testcase>
  <testcase name="Để trống username[, secret_sauce, Username is required, Để trống username](5)" classname="tests.LoginExcelTest" time="0.666">
    <system-out><![CDATA[⏹ Để trống password → PASS ✔
▶ Setup: chrome | dev
▶ [NEGATIVE] Để trống username | user=
]]></system-out>
    <system-err><![CDATA[Mar 17, 2026 4:42:04 PM org.openqa.selenium.devtools.CdpVersionFinder findNearestMatch
WARNING: Unable to find CDP implementation matching 146
Mar 17, 2026 4:42:04 PM org.openqa.selenium.chromium.ChromiumDriver lambda$new$5
WARNING: Unable to find version of CDP to use for 146.0.7680.80. You may need to include a dependency on a specific version of the CDP using something similar to `org.seleniumhq.selenium:selenium-devtools-v86:4.18.1` where the version ("v86") matches the version of the chromium-based browser you're using and the version number of the artifact is the same as Selenium's.
]]></system-err>
  </testcase>
  <testcase name="Tài khoản không tồn tại[notexist_user, notexist_pass, Username and password, Tài khoản không tồn tại](6)" classname="tests.LoginExcelTest" time="0.679">
    <system-out><![CDATA[⏹ Để trống username → PASS ✔
▶ Setup: chrome | dev
▶ [NEGATIVE] Tài khoản không tồn tại | user=notexist_user
]]></system-out>
    <system-err><![CDATA[Mar 17, 2026 4:42:06 PM org.openqa.selenium.devtools.CdpVersionFinder findNearestMatch
WARNING: Unable to find CDP implementation matching 146
Mar 17, 2026 4:42:06 PM org.openqa.selenium.chromium.ChromiumDriver lambda$new$5
WARNING: Unable to find version of CDP to use for 146.0.7680.80. You may need to include a dependency on a specific version of the CDP using something similar to `org.seleniumhq.selenium:selenium-devtools-v86:4.18.1` where the version ("v86") matches the version of the chromium-based browser you're using and the version number of the artifact is the same as Selenium's.
]]></system-err>
  </testcase>
</testsuite>