<?xml version="1.0" encoding="UTF-8"?>
<!-- Generated by org.testng.reporters.JUnitReportReporter -->
<testsuite hostname="NHAT-PC" failures="0" tests="5" name="com.testing.LoginDataDrivenTest" time="2.035" errors="0" timestamp="2026-03-24T14:01:44 ICT" skipped="0">
  <testcase classname="com.testing.LoginDataDrivenTest" name="testLoginScenarios" time="0.281"/>
  <testcase classname="com.testing.LoginDataDrivenTest" name="testLoginScenarios" time="0.518"/>
  <testcase classname="com.testing.LoginDataDrivenTest" name="testLoginScenarios" time="0.545"/>
  <testcase classname="com.testing.LoginDataDrivenTest" name="testLoginScenarios" time="0.351"/>
  <testcase classname="com.testing.LoginDataDrivenTest" name="testLoginScenarios" time="0.340"/>
</testsuite> <!-- com.testing.LoginDataDrivenTest -->
