<?xml version="1.0" encoding="UTF-8"?>
<!-- Generated by org.testng.reporters.JUnitReportReporter -->
<testsuite hostname="NHAT-PC" failures="0" tests="4" name="com.testing.JsonSchemaValidationTest" time="5.734" errors="0" timestamp="2026-03-24T13:57:55 ICT" skipped="0">
  <testcase classname="com.testing.JsonSchemaValidationTest" name="testCreateUserSchemaValidation" time="3.987"/>
  <testcase classname="com.testing.JsonSchemaValidationTest" name="testSingleUserSchemaValidation" time="0.616"/>
  <testcase classname="com.testing.JsonSchemaValidationTest" name="testSchemaFailsWhenExtraFieldPresent" time="0.552"/>
  <testcase classname="com.testing.JsonSchemaValidationTest" name="testUserListSchemaValidation" time="0.579"/>
</testsuite> <!-- com.testing.JsonSchemaValidationTest -->
