<?xml version="1.0" encoding="UTF-8"?>
<!-- Generated by org.testng.reporters.JUnitReportReporter -->
<testsuite hostname="NHAT-PC" failures="0" tests="11" name="dtm.TitleTest" time="33.093" errors="0" timestamp="2026-03-10T15:30:25 ICT" skipped="0">
  <testcase classname="dtm.TitleTest" name="testLoginWithEmptyFields" time="3.560"/>
  <testcase classname="dtm.TitleTest" name="testLogoDisplayed" time="2.668"/>
  <testcase classname="dtm.TitleTest" name="testLoginWithInvalidCredentials" time="3.767"/>
  <testcase classname="dtm.TitleTest" name="testTitle" time="2.297"/>
  <testcase classname="dtm.TitleTest" name="testURL" time="2.774"/>
  <testcase classname="dtm.TitleTest" name="testInputPlaceholders" time="3.076"/>
  <testcase classname="dtm.TitleTest" name="testLoginWithValidCredentials" time="4.046"/>
  <testcase classname="dtm.TitleTest" name="testPasswordFieldType" time="1.940"/>
  <testcase classname="dtm.TitleTest" name="testLoginFormDisplayed" time="2.540"/>
  <testcase classname="dtm.TitleTest" name="testPageSource" time="2.668"/>
  <testcase classname="dtm.TitleTest" name="testAcceptedUsernamesDisplayed" time="3.757"/>
</testsuite> <!-- dtm.TitleTest -->
