<?xml version="1.0" encoding="UTF-8"?>
<testng-results ignored="0" total="9" passed="6" failed="0" skipped="3">
  <reporter-output>
  </reporter-output>
  <suite started-at="2026-03-10T15:33:39 ICT" name="SauceDemo_Regression_Suite" finished-at="2026-03-10T15:34:09 ICT" duration-ms="30596">
    <groups>
      <group name="regression">
        <method signature="CartTest.testAddToCart()[pri:0, instance:dtm.CartTest@a514af7]" name="testAddToCart" class="dtm.CartTest"/>
        <method signature="CartTest.testCartPageShowsProduct()[pri:0, instance:dtm.CartTest@a514af7]" name="testCartPageShowsProduct" class="dtm.CartTest"/>
        <method signature="CartTest.testRemoveFromCart()[pri:0, instance:dtm.CartTest@a514af7]" name="testRemoveFromCart" class="dtm.CartTest"/>
        <method signature="CheckoutTest.testCheckoutSuccess()[pri:0, instance:dtm.CheckoutTest@6b927fb]" name="testCheckoutSuccess" class="dtm.CheckoutTest"/>
        <method signature="CheckoutTest.testCancelCheckout()[pri:0, instance:dtm.CheckoutTest@6b927fb]" name="testCancelCheckout" class="dtm.CheckoutTest"/>
        <method signature="CheckoutTest.testCheckoutEmptyInfo()[pri:0, instance:dtm.CheckoutTest@6b927fb]" name="testCheckoutEmptyInfo" class="dtm.CheckoutTest"/>
        <method signature="LoginTest.testLoginSuccess()[pri:0, instance:dtm.LoginTest@795cd85e]" name="testLoginSuccess" class="dtm.LoginTest"/>
        <method signature="LoginTest.testLoginLockedUser()[pri:0, instance:dtm.LoginTest@795cd85e]" name="testLoginLockedUser" class="dtm.LoginTest"/>
        <method signature="LoginTest.testLoginWrongPassword()[pri:0, instance:dtm.LoginTest@795cd85e]" name="testLoginWrongPassword" class="dtm.LoginTest"/>
      </group> <!-- regression -->
      <group name="smoke">
        <method signature="CartTest.testAddToCart()[pri:0, instance:dtm.CartTest@a514af7]" name="testAddToCart" class="dtm.CartTest"/>
        <method signature="CheckoutTest.testCheckoutSuccess()[pri:0, instance:dtm.CheckoutTest@6b927fb]" name="testCheckoutSuccess" class="dtm.CheckoutTest"/>
        <method signature="LoginTest.testLoginSuccess()[pri:0, instance:dtm.LoginTest@795cd85e]" name="testLoginSuccess" class="dtm.LoginTest"/>
      </group> <!-- smoke -->
      <group name="sanity">
        <method signature="CartTest.testCartPageShowsProduct()[pri:0, instance:dtm.CartTest@a514af7]" name="testCartPageShowsProduct" class="dtm.CartTest"/>
        <method signature="CheckoutTest.testCancelCheckout()[pri:0, instance:dtm.CheckoutTest@6b927fb]" name="testCancelCheckout" class="dtm.CheckoutTest"/>
        <method signature="LoginTest.testLoginLockedUser()[pri:0, instance:dtm.LoginTest@795cd85e]" name="testLoginLockedUser" class="dtm.LoginTest"/>
      </group> <!-- sanity -->
    </groups>
    <test started-at="2026-03-10T15:33:39 ICT" name="Regression Tests" finished-at="2026-03-10T15:34:09 ICT" duration-ms="30596">
      <class name="dtm.CheckoutTest">
        <test-method is-config="true" signature="setUp(java.lang.String,java.lang.String)[pri:0, instance:dtm.CheckoutTest@6b927fb]" started-at="2026-03-10T15:33:45 ICT" name="setUp" finished-at="2026-03-10T15:34:09 ICT" duration-ms="24462" status="FAIL">
          <params>
            <param index="0">
              <value>
                <![CDATA[https://www.saucedemo.com]]>
              </value>
            </param>
            <param index="1">
              <value>
                <![CDATA[chrome]]>
              </value>
            </param>
          </params>
          <exception class="org.openqa.selenium.TimeoutException">
            <message>
              <![CDATA[Expected condition failed: waiting for url to contain "cart". Current url: "https://www.saucedemo.com/inventory.html" (tried for 20 second(s) with 500 milliseconds interval)
Build info: version: '4.15.0', revision: '1d14b5521b'
System info: os.name: 'Windows 11', os.arch: 'amd64', os.version: '10.0', java.version: '21'
Driver info: org.openqa.selenium.chrome.ChromeDriver
Capabilities {acceptInsecureCerts: false, browserName: chrome, browserVersion: 146.0.7680.65, chrome: {chromedriverVersion: 146.0.7680.66 (8074df26380b..., userDataDir: C:\Users\vvkgh\AppData\Loca...}, fedcm:accounts: true, goog:chromeOptions: {debuggerAddress: localhost:49392}, goog:processID: 13460, networkConnectionEnabled: false, pageLoadStrategy: normal, platformName: windows, proxy: Proxy(), se:cdp: ws://localhost:49392/devtoo..., se:cdpVersion: 146.0.7680.65, setWindowRect: true, strictFileInteractability: false, timeouts: {implicit: 0, pageLoad: 300000, script: 30000}, unhandledPromptBehavior: dismiss and notify, webauthn:extension:credBlob: true, webauthn:extension:largeBlob: true, webauthn:extension:minPinLength: true, webauthn:extension:prf: true, webauthn:virtualAuthenticators: true}
Session ID: fc13d761eed02a0a307b90aa6ecb9b9d]]>
            </message>
            <full-stacktrace>
              <![CDATA[org.openqa.selenium.TimeoutException: Expected condition failed: waiting for url to contain "cart". Current url: "https://www.saucedemo.com/inventory.html" (tried for 20 second(s) with 500 milliseconds interval)
Build info: version: '4.15.0', revision: '1d14b5521b'
System info: os.name: 'Windows 11', os.arch: 'amd64', os.version: '10.0', java.version: '21'
Driver info: org.openqa.selenium.chrome.ChromeDriver
Capabilities {acceptInsecureCerts: false, browserName: chrome, browserVersion: 146.0.7680.65, chrome: {chromedriverVersion: 146.0.7680.66 (8074df26380b..., userDataDir: C:\Users\vvkgh\AppData\Loca...}, fedcm:accounts: true, goog:chromeOptions: {debuggerAddress: localhost:49392}, goog:processID: 13460, networkConnectionEnabled: false, pageLoadStrategy: normal, platformName: windows, proxy: Proxy(), se:cdp: ws://localhost:49392/devtoo..., se:cdpVersion: 146.0.7680.65, setWindowRect: true, strictFileInteractability: false, timeouts: {implicit: 0, pageLoad: 300000, script: 30000}, unhandledPromptBehavior: dismiss and notify, webauthn:extension:credBlob: true, webauthn:extension:largeBlob: true, webauthn:extension:minPinLength: true, webauthn:extension:prf: true, webauthn:virtualAuthenticators: true}
Session ID: fc13d761eed02a0a307b90aa6ecb9b9d
at org.openqa.selenium.support.ui.WebDriverWait.timeoutException(WebDriverWait.java:84)
at org.openqa.selenium.support.ui.FluentWait.until(FluentWait.java:229)
at dtm.CheckoutTest.setUp(CheckoutTest.java:39)
at java.base/jdk.internal.reflect.DirectMethodHandleAccessor.invoke(DirectMethodHandleAccessor.java:103)
at java.base/java.lang.reflect.Method.invoke(Method.java:580)
at org.testng.internal.invokers.MethodInvocationHelper.invokeMethod(MethodInvocationHelper.java:139)
at org.testng.internal.invokers.MethodInvocationHelper.invokeMethodConsideringTimeout(MethodInvocationHelper.java:69)
at org.testng.internal.invokers.ConfigInvoker.invokeConfigurationMethod(ConfigInvoker.java:390)
at org.testng.internal.invokers.ConfigInvoker.invokeConfigurations(ConfigInvoker.java:325)
at org.testng.internal.invokers.TestInvoker.runConfigMethods(TestInvoker.java:810)
at org.testng.internal.invokers.TestInvoker.invokeMethod(TestInvoker.java:577)
at org.testng.internal.invokers.TestInvoker.invokeTestMethod(TestInvoker.java:227)
at org.testng.internal.invokers.MethodRunner.runInSequence(MethodRunner.java:50)
at org.testng.internal.invokers.TestInvoker$MethodInvocationAgent.invoke(TestInvoker.java:957)
at org.testng.internal.invokers.TestInvoker.invokeTestMethods(TestInvoker.java:200)
at org.testng.internal.invokers.TestMethodWorker.invokeTestMethods(TestMethodWorker.java:148)
at org.testng.internal.invokers.TestMethodWorker.run(TestMethodWorker.java:128)
at java.base/java.util.concurrent.ThreadPoolExecutor.runWorker(ThreadPoolExecutor.java:1144)
at java.base/java.util.concurrent.ThreadPoolExecutor$Worker.run(ThreadPoolExecutor.java:642)
at java.base/java.lang.Thread.run(Thread.java:1583)
]]>
            </full-stacktrace>
          </exception> <!-- org.openqa.selenium.TimeoutException -->
          <reporter-output>
          </reporter-output>
        </test-method> <!-- setUp -->
        <test-method signature="testCheckoutSuccess()[pri:0, instance:dtm.CheckoutTest@6b927fb]" started-at="2026-03-10T15:34:09 ICT" name="testCheckoutSuccess" description="Checkout thành công với thông tin hợp lệ" finished-at="2026-03-10T15:34:09 ICT" duration-ms="0" status="SKIP">
          <exception class="org.openqa.selenium.TimeoutException">
            <message>
              <![CDATA[Expected condition failed: waiting for url to contain "cart". Current url: "https://www.saucedemo.com/inventory.html" (tried for 20 second(s) with 500 milliseconds interval)
Build info: version: '4.15.0', revision: '1d14b5521b'
System info: os.name: 'Windows 11', os.arch: 'amd64', os.version: '10.0', java.version: '21'
Driver info: org.openqa.selenium.chrome.ChromeDriver
Capabilities {acceptInsecureCerts: false, browserName: chrome, browserVersion: 146.0.7680.65, chrome: {chromedriverVersion: 146.0.7680.66 (8074df26380b..., userDataDir: C:\Users\vvkgh\AppData\Loca...}, fedcm:accounts: true, goog:chromeOptions: {debuggerAddress: localhost:49392}, goog:processID: 13460, networkConnectionEnabled: false, pageLoadStrategy: normal, platformName: windows, proxy: Proxy(), se:cdp: ws://localhost:49392/devtoo..., se:cdpVersion: 146.0.7680.65, setWindowRect: true, strictFileInteractability: false, timeouts: {implicit: 0, pageLoad: 300000, script: 30000}, unhandledPromptBehavior: dismiss and notify, webauthn:extension:credBlob: true, webauthn:extension:largeBlob: true, webauthn:extension:minPinLength: true, webauthn:extension:prf: true, webauthn:virtualAuthenticators: true}
Session ID: fc13d761eed02a0a307b90aa6ecb9b9d]]>
            </message>
            <full-stacktrace>
              <![CDATA[org.openqa.selenium.TimeoutException: Expected condition failed: waiting for url to contain "cart". Current url: "https://www.saucedemo.com/inventory.html" (tried for 20 second(s) with 500 milliseconds interval)
Build info: version: '4.15.0', revision: '1d14b5521b'
System info: os.name: 'Windows 11', os.arch: 'amd64', os.version: '10.0', java.version: '21'
Driver info: org.openqa.selenium.chrome.ChromeDriver
Capabilities {acceptInsecureCerts: false, browserName: chrome, browserVersion: 146.0.7680.65, chrome: {chromedriverVersion: 146.0.7680.66 (8074df26380b..., userDataDir: C:\Users\vvkgh\AppData\Loca...}, fedcm:accounts: true, goog:chromeOptions: {debuggerAddress: localhost:49392}, goog:processID: 13460, networkConnectionEnabled: false, pageLoadStrategy: normal, platformName: windows, proxy: Proxy(), se:cdp: ws://localhost:49392/devtoo..., se:cdpVersion: 146.0.7680.65, setWindowRect: true, strictFileInteractability: false, timeouts: {implicit: 0, pageLoad: 300000, script: 30000}, unhandledPromptBehavior: dismiss and notify, webauthn:extension:credBlob: true, webauthn:extension:largeBlob: true, webauthn:extension:minPinLength: true, webauthn:extension:prf: true, webauthn:virtualAuthenticators: true}
Session ID: fc13d761eed02a0a307b90aa6ecb9b9d
at org.openqa.selenium.support.ui.WebDriverWait.timeoutException(WebDriverWait.java:84)
at org.openqa.selenium.support.ui.FluentWait.until(FluentWait.java:229)
at dtm.CheckoutTest.setUp(CheckoutTest.java:39)
at java.base/jdk.internal.reflect.DirectMethodHandleAccessor.invoke(DirectMethodHandleAccessor.java:103)
at java.base/java.lang.reflect.Method.invoke(Method.java:580)
at org.testng.internal.invokers.MethodInvocationHelper.invokeMethod(MethodInvocationHelper.java:139)
at org.testng.internal.invokers.MethodInvocationHelper.invokeMethodConsideringTimeout(MethodInvocationHelper.java:69)
at org.testng.internal.invokers.ConfigInvoker.invokeConfigurationMethod(ConfigInvoker.java:390)
at org.testng.internal.invokers.ConfigInvoker.invokeConfigurations(ConfigInvoker.java:325)
at org.testng.internal.invokers.TestInvoker.runConfigMethods(TestInvoker.java:810)
at org.testng.internal.invokers.TestInvoker.invokeMethod(TestInvoker.java:577)
at org.testng.internal.invokers.TestInvoker.invokeTestMethod(TestInvoker.java:227)
at org.testng.internal.invokers.MethodRunner.runInSequence(MethodRunner.java:50)
at org.testng.internal.invokers.TestInvoker$MethodInvocationAgent.invoke(TestInvoker.java:957)
at org.testng.internal.invokers.TestInvoker.invokeTestMethods(TestInvoker.java:200)
at org.testng.internal.invokers.TestMethodWorker.invokeTestMethods(TestMethodWorker.java:148)
at org.testng.internal.invokers.TestMethodWorker.run(TestMethodWorker.java:128)
at java.base/java.util.concurrent.ThreadPoolExecutor.runWorker(ThreadPoolExecutor.java:1144)
at java.base/java.util.concurrent.ThreadPoolExecutor$Worker.run(ThreadPoolExecutor.java:642)
at java.base/java.lang.Thread.run(Thread.java:1583)
]]>
            </full-stacktrace>
          </exception> <!-- org.openqa.selenium.TimeoutException -->
          <reporter-output>
          </reporter-output>
        </test-method> <!-- testCheckoutSuccess -->
        <test-method is-config="true" signature="tearDown()[pri:0, instance:dtm.CheckoutTest@6b927fb]" started-at="2026-03-10T15:34:09 ICT" name="tearDown" finished-at="2026-03-10T15:34:09 ICT" duration-ms="191" status="PASS">
          <reporter-output>
          </reporter-output>
        </test-method> <!-- tearDown -->
        <test-method signature="testCancelCheckout()[pri:0, instance:dtm.CheckoutTest@6b927fb]" started-at="2026-03-10T15:34:09 ICT" name="testCancelCheckout" description="Hủy checkout và quay lại trang giỏ hàng" finished-at="2026-03-10T15:34:09 ICT" depends-on-methods="dtm.CheckoutTest.testCheckoutSuccess" duration-ms="0" status="SKIP">
          <exception class="java.lang.Throwable">
            <message>
              <![CDATA[Method dtm.CheckoutTest.testCancelCheckout() on instance dtm.CheckoutTest@6b927fb depends on not successfully finished methods 
[dtm.CheckoutTest.testCheckoutSuccess() on instance dtm.CheckoutTest@6b927fb]]]>
            </message>
            <full-stacktrace>
              <![CDATA[java.lang.Throwable: Method dtm.CheckoutTest.testCancelCheckout() on instance dtm.CheckoutTest@6b927fb depends on not successfully finished methods 
[dtm.CheckoutTest.testCheckoutSuccess() on instance dtm.CheckoutTest@6b927fb]
at org.testng.internal.invokers.TestInvoker.invokeTestMethods(TestInvoker.java:156)
at org.testng.internal.invokers.TestMethodWorker.invokeTestMethods(TestMethodWorker.java:148)
at org.testng.internal.invokers.TestMethodWorker.run(TestMethodWorker.java:128)
at java.base/java.util.concurrent.ThreadPoolExecutor.runWorker(ThreadPoolExecutor.java:1144)
at java.base/java.util.concurrent.ThreadPoolExecutor$Worker.run(ThreadPoolExecutor.java:642)
at java.base/java.lang.Thread.run(Thread.java:1583)
]]>
            </full-stacktrace>
          </exception> <!-- java.lang.Throwable -->
          <reporter-output>
          </reporter-output>
        </test-method> <!-- testCancelCheckout -->
        <test-method signature="testCheckoutEmptyInfo()[pri:0, instance:dtm.CheckoutTest@6b927fb]" started-at="2026-03-10T15:34:09 ICT" name="testCheckoutEmptyInfo" description="Checkout thất bại khi bỏ trống thông tin" finished-at="2026-03-10T15:34:09 ICT" depends-on-methods="dtm.CheckoutTest.testCheckoutSuccess" duration-ms="0" status="SKIP">
          <exception class="java.lang.Throwable">
            <message>
              <![CDATA[Method dtm.CheckoutTest.testCheckoutEmptyInfo() on instance dtm.CheckoutTest@6b927fb depends on not successfully finished methods 
[dtm.CheckoutTest.testCheckoutSuccess() on instance dtm.CheckoutTest@6b927fb]]]>
            </message>
            <full-stacktrace>
              <![CDATA[java.lang.Throwable: Method dtm.CheckoutTest.testCheckoutEmptyInfo() on instance dtm.CheckoutTest@6b927fb depends on not successfully finished methods 
[dtm.CheckoutTest.testCheckoutSuccess() on instance dtm.CheckoutTest@6b927fb]
at org.testng.internal.invokers.TestInvoker.invokeTestMethods(TestInvoker.java:156)
at org.testng.internal.invokers.TestMethodWorker.invokeTestMethods(TestMethodWorker.java:148)
at org.testng.internal.invokers.TestMethodWorker.run(TestMethodWorker.java:128)
at java.base/java.util.concurrent.ThreadPoolExecutor.runWorker(ThreadPoolExecutor.java:1144)
at java.base/java.util.concurrent.ThreadPoolExecutor$Worker.run(ThreadPoolExecutor.java:642)
at java.base/java.lang.Thread.run(Thread.java:1583)
]]>
            </full-stacktrace>
          </exception> <!-- java.lang.Throwable -->
          <reporter-output>
          </reporter-output>
        </test-method> <!-- testCheckoutEmptyInfo -->
      </class> <!-- dtm.CheckoutTest -->
      <class name="dtm.CartTest">
        <test-method is-config="true" signature="setUp(java.lang.String,java.lang.String)[pri:0, instance:dtm.CartTest@a514af7]" started-at="2026-03-10T15:33:39 ICT" name="setUp" finished-at="2026-03-10T15:33:44 ICT" duration-ms="5255" status="PASS">
          <params>
            <param index="0">
              <value>
                <![CDATA[https://www.saucedemo.com]]>
              </value>
            </param>
            <param index="1">
              <value>
                <![CDATA[chrome]]>
              </value>
            </param>
          </params>
          <reporter-output>
          </reporter-output>
        </test-method> <!-- setUp -->
        <test-method signature="testAddToCart()[pri:0, instance:dtm.CartTest@a514af7]" started-at="2026-03-10T15:33:44 ICT" name="testAddToCart" description="Thêm sản phẩm vào giỏ hàng" finished-at="2026-03-10T15:33:44 ICT" duration-ms="300" status="PASS">
          <reporter-output>
          </reporter-output>
        </test-method> <!-- testAddToCart -->
        <test-method is-config="true" signature="tearDown()[pri:0, instance:dtm.CartTest@a514af7]" started-at="2026-03-10T15:33:44 ICT" name="tearDown" finished-at="2026-03-10T15:33:45 ICT" duration-ms="266" status="PASS">
          <reporter-output>
          </reporter-output>
        </test-method> <!-- tearDown -->
        <test-method is-config="true" signature="setUp(java.lang.String,java.lang.String)[pri:0, instance:dtm.CartTest@a514af7]" started-at="2026-03-10T15:33:48 ICT" name="setUp" finished-at="2026-03-10T15:33:50 ICT" duration-ms="2344" status="PASS">
          <params>
            <param index="0">
              <value>
                <![CDATA[https://www.saucedemo.com]]>
              </value>
            </param>
            <param index="1">
              <value>
                <![CDATA[chrome]]>
              </value>
            </param>
          </params>
          <reporter-output>
          </reporter-output>
        </test-method> <!-- setUp -->
        <test-method signature="testCartPageShowsProduct()[pri:0, instance:dtm.CartTest@a514af7]" started-at="2026-03-10T15:33:50 ICT" name="testCartPageShowsProduct" description="Kiểm tra trang giỏ hàng hiển thị sản phẩm đã thêm" finished-at="2026-03-10T15:33:51 ICT" depends-on-methods="dtm.CartTest.testAddToCart" duration-ms="362" status="PASS">
          <reporter-output>
          </reporter-output>
        </test-method> <!-- testCartPageShowsProduct -->
        <test-method is-config="true" signature="tearDown()[pri:0, instance:dtm.CartTest@a514af7]" started-at="2026-03-10T15:33:51 ICT" name="tearDown" finished-at="2026-03-10T15:33:51 ICT" duration-ms="322" status="PASS">
          <reporter-output>
          </reporter-output>
        </test-method> <!-- tearDown -->
        <test-method is-config="true" signature="setUp(java.lang.String,java.lang.String)[pri:0, instance:dtm.CartTest@a514af7]" started-at="2026-03-10T15:33:51 ICT" name="setUp" finished-at="2026-03-10T15:33:54 ICT" duration-ms="2485" status="PASS">
          <params>
            <param index="0">
              <value>
                <![CDATA[https://www.saucedemo.com]]>
              </value>
            </param>
            <param index="1">
              <value>
                <![CDATA[chrome]]>
              </value>
            </param>
          </params>
          <reporter-output>
          </reporter-output>
        </test-method> <!-- setUp -->
        <test-method signature="testRemoveFromCart()[pri:0, instance:dtm.CartTest@a514af7]" started-at="2026-03-10T15:33:54 ICT" name="testRemoveFromCart" description="Xóa sản phẩm khỏi giỏ hàng" finished-at="2026-03-10T15:33:54 ICT" depends-on-methods="dtm.CartTest.testAddToCart" duration-ms="382" status="PASS">
          <reporter-output>
          </reporter-output>
        </test-method> <!-- testRemoveFromCart -->
        <test-method is-config="true" signature="tearDown()[pri:0, instance:dtm.CartTest@a514af7]" started-at="2026-03-10T15:33:54 ICT" name="tearDown" finished-at="2026-03-10T15:33:54 ICT" duration-ms="274" status="PASS">
          <reporter-output>
          </reporter-output>
        </test-method> <!-- tearDown -->
      </class> <!-- dtm.CartTest -->
      <class name="dtm.LoginTest">
        <test-method is-config="true" signature="setUp(java.lang.String,java.lang.String)[pri:0, instance:dtm.LoginTest@795cd85e]" started-at="2026-03-10T15:33:39 ICT" name="setUp" finished-at="2026-03-10T15:33:43 ICT" duration-ms="4495" status="PASS">
          <params>
            <param index="0">
              <value>
                <![CDATA[https://www.saucedemo.com]]>
              </value>
            </param>
            <param index="1">
              <value>
                <![CDATA[chrome]]>
              </value>
            </param>
          </params>
          <reporter-output>
          </reporter-output>
        </test-method> <!-- setUp -->
        <test-method signature="testLoginSuccess()[pri:0, instance:dtm.LoginTest@795cd85e]" started-at="2026-03-10T15:33:43 ICT" name="testLoginSuccess" description="Đăng nhập thành công với user/pass hợp lệ" finished-at="2026-03-10T15:33:44 ICT" duration-ms="682" status="PASS">
          <reporter-output>
          </reporter-output>
        </test-method> <!-- testLoginSuccess -->
        <test-method is-config="true" signature="tearDown()[pri:0, instance:dtm.LoginTest@795cd85e]" started-at="2026-03-10T15:33:44 ICT" name="tearDown" finished-at="2026-03-10T15:33:44 ICT" duration-ms="312" status="PASS">
          <reporter-output>
          </reporter-output>
        </test-method> <!-- tearDown -->
        <test-method is-config="true" signature="setUp(java.lang.String,java.lang.String)[pri:0, instance:dtm.LoginTest@795cd85e]" started-at="2026-03-10T15:33:44 ICT" name="setUp" finished-at="2026-03-10T15:33:46 ICT" duration-ms="1790" status="PASS">
          <params>
            <param index="0">
              <value>
                <![CDATA[https://www.saucedemo.com]]>
              </value>
            </param>
            <param index="1">
              <value>
                <![CDATA[chrome]]>
              </value>
            </param>
          </params>
          <reporter-output>
          </reporter-output>
        </test-method> <!-- setUp -->
        <test-method signature="testLoginWrongPassword()[pri:0, instance:dtm.LoginTest@795cd85e]" started-at="2026-03-10T15:33:46 ICT" name="testLoginWrongPassword" description="Đăng nhập với mật khẩu sai" finished-at="2026-03-10T15:33:48 ICT" duration-ms="1739" status="PASS">
          <reporter-output>
          </reporter-output>
        </test-method> <!-- testLoginWrongPassword -->
        <test-method is-config="true" signature="tearDown()[pri:0, instance:dtm.LoginTest@795cd85e]" started-at="2026-03-10T15:33:48 ICT" name="tearDown" finished-at="2026-03-10T15:33:48 ICT" duration-ms="332" status="PASS">
          <reporter-output>
          </reporter-output>
        </test-method> <!-- tearDown -->
        <test-method is-config="true" signature="setUp(java.lang.String,java.lang.String)[pri:0, instance:dtm.LoginTest@795cd85e]" started-at="2026-03-10T15:33:54 ICT" name="setUp" finished-at="2026-03-10T15:33:56 ICT" duration-ms="2098" status="PASS">
          <params>
            <param index="0">
              <value>
                <![CDATA[https://www.saucedemo.com]]>
              </value>
            </param>
            <param index="1">
              <value>
                <![CDATA[chrome]]>
              </value>
            </param>
          </params>
          <reporter-output>
          </reporter-output>
        </test-method> <!-- setUp -->
        <test-method signature="testLoginLockedUser()[pri:0, instance:dtm.LoginTest@795cd85e]" started-at="2026-03-10T15:33:56 ICT" name="testLoginLockedUser" description="Đăng nhập với tài khoản bị khóa" finished-at="2026-03-10T15:33:57 ICT" depends-on-methods="dtm.LoginTest.testLoginSuccess" duration-ms="942" status="PASS">
          <reporter-output>
          </reporter-output>
        </test-method> <!-- testLoginLockedUser -->
        <test-method is-config="true" signature="tearDown()[pri:0, instance:dtm.LoginTest@795cd85e]" started-at="2026-03-10T15:33:57 ICT" name="tearDown" finished-at="2026-03-10T15:33:58 ICT" duration-ms="249" status="PASS">
          <reporter-output>
          </reporter-output>
        </test-method> <!-- tearDown -->
      </class> <!-- dtm.LoginTest -->
    </test> <!-- Regression Tests -->
  </suite> <!-- SauceDemo_Regression_Suite -->
</testng-results>
