<?xml version="1.0" encoding="UTF-8"?>
<!-- Generated by org.testng.reporters.JUnitXMLReporter -->
<testsuite ignored="0" hostname="NHAT-PC" failures="0" tests="4" name="Surefire test" time="7.473" errors="0" timestamp="2026-03-24T13:57:55 ICT">
  <testcase classname="com.testing.JsonSchemaValidationTest" name="testCreateUserSchemaValidation" time="3.987"/>
  <testcase classname="com.testing.JsonSchemaValidationTest" name="testSchemaFailsWhenExtraFieldPresent" time="0.552"/>
  <testcase classname="com.testing.JsonSchemaValidationTest" name="testSingleUserSchemaValidation" time="0.616"/>
  <testcase classname="com.testing.JsonSchemaValidationTest" name="testUserListSchemaValidation" time="0.579"/>
</testsuite> <!-- Surefire test -->
