<?xml version="1.0" encoding="UTF-8"?>
<!-- Generated by org.testng.reporters.JUnitReportReporter -->
<testsuite hostname="NHAT-PC" failures="0" tests="3" name="dtm.LoginTest" time="17.064" errors="0" timestamp="2026-03-10T15:42:53 ICT" skipped="0">
  <testcase classname="dtm.LoginTest" name="testLoginLockedUser" time="4.957"/>
  <testcase classname="dtm.LoginTest" name="testLoginWrongPassword" time="5.641"/>
  <testcase classname="dtm.LoginTest" name="testLoginSuccess" time="6.466"/>
</testsuite> <!-- dtm.LoginTest -->
