<?xml version="1.0" encoding="UTF-8"?>
<!-- Generated by org.testng.reporters.JUnitXMLReporter -->
<testsuite ignored="0" hostname="NHAT-PC" failures="0" tests="5" name="Surefire test" time="6.523" errors="0" timestamp="2026-03-24T13:42:23 ICT">
  <testcase classname="com.testing.CrudUserApiTest" name="testDeleteUser" time="2.71"/>
  <testcase classname="com.testing.CrudUserApiTest" name="testPatchPartialUpdateUser" time="1.002"/>
  <testcase classname="com.testing.CrudUserApiTest" name="testPostCreateUser" time="0.688"/>
  <testcase classname="com.testing.CrudUserApiTest" name="testPostThenGetToVerify" time="1.112"/>
  <testcase classname="com.testing.CrudUserApiTest" name="testPutUpdateUser" time="0.357"/>
</testsuite> <!-- Surefire test -->
