<?xml version="1.0" encoding="UTF-8"?>
<!-- Generated by org.testng.reporters.JUnitReportReporter -->
<testsuite hostname="NHAT-PC" failures="0" tests="8" name="dtm.PhiShipBasisPathTest" time="0.018" errors="0" timestamp="2026-03-11T00:19:21 ICT" skipped="0">
  <testcase classname="dtm.PhiShipBasisPathTest" name="testPath1_InvalidWeight" time="0.014"/>
  <testcase classname="dtm.PhiShipBasisPathTest" name="testPath3_NoiThanhNangKhongMember" time="0.001"/>
  <testcase classname="dtm.PhiShipBasisPathTest" name="testPath4_NoiThanhNangMember" time="0.001"/>
  <testcase classname="dtm.PhiShipBasisPathTest" name="testPath8_TinhKhacNangKhongMember" time="0.000"/>
  <testcase classname="dtm.PhiShipBasisPathTest" name="testPath7_TinhKhacNheKhongMember" time="0.000"/>
  <testcase classname="dtm.PhiShipBasisPathTest" name="testPath2_NoiThanhNheKhongMember" time="0.001"/>
  <testcase classname="dtm.PhiShipBasisPathTest" name="testPath6_NgoaiThanhNangKhongMember" time="0.001"/>
  <testcase classname="dtm.PhiShipBasisPathTest" name="testPath5_NgoaiThanhNheKhongMember" time="0.000"/>
</testsuite> <!-- dtm.PhiShipBasisPathTest -->
