<?xml version="1.0" encoding="UTF-8"?>
<!-- Generated by org.testng.reporters.JUnitXMLReporter -->
<testsuite ignored="0" hostname="NHAT-PC" failures="2" tests="8" name="Inventory_Tests" time="22.245" errors="0" timestamp="2026-03-17T16:01:37 ICT">
  <testcase classname="dtm.tests.TC_InventoryTest" name="testAddProductToCart" time="2.314"/>
  <testcase classname="dtm.tests.TC_InventoryTest" name="testInventoryPageLoaded" time="2.771"/>
  <testcase classname="dtm.tests.TC_InventoryTest" name="testAddProductToCart" time="2.493"/>
  <testcase classname="dtm.tests.TC_InventoryTest" name="testAddProductToCart" time="3.116"/>
  <testcase classname="dtm.tests.TC_InventoryTest" name="testAddMultipleProducts" time="15.005">
    <failure type="java.lang.AssertionError" message="Giỏ hàng phải có 2 sản phẩm expected [2] but found [0]">
      <![CDATA[java.lang.AssertionError: Giỏ hàng phải có 2 sản phẩm expected [2] but found [0]
at dtm.tests.TC_InventoryTest.testAddMultipleProducts(TC_InventoryTest.java:46)
at java.base/java.util.concurrent.ThreadPoolExecutor.runWorker(ThreadPoolExecutor.java:1144)
at java.base/java.util.concurrent.ThreadPoolExecutor$Worker.run(ThreadPoolExecutor.java:642)
at java.base/java.lang.Thread.run(Thread.java:1583)
... Removed 16 stack frames]]>
    </failure>
  </testcase> <!-- testAddMultipleProducts -->
  <testcase classname="dtm.tests.TC_InventoryTest" name="testSortByNameAZ" time="4.399"/>
  <testcase classname="dtm.tests.TC_InventoryTest" name="testRemoveProductFromCart" time="14.641">
    <failure type="java.lang.AssertionError" message="expected [1] but found [0]">
      <![CDATA[java.lang.AssertionError: expected [1] but found [0]
at dtm.tests.TC_InventoryTest.testRemoveProductFromCart(TC_InventoryTest.java:54)
at java.base/java.util.concurrent.ThreadPoolExecutor.runWorker(ThreadPoolExecutor.java:1144)
at java.base/java.util.concurrent.ThreadPoolExecutor$Worker.run(ThreadPoolExecutor.java:642)
at java.base/java.lang.Thread.run(Thread.java:1583)
... Removed 17 stack frames]]>
    </failure>
  </testcase> <!-- testRemoveProductFromCart -->
  <testcase classname="dtm.tests.TC_InventoryTest" name="testSortByPriceLowToHigh" time="3.481"/>
</testsuite> <!-- Inventory_Tests -->
