<?xml version="1.0" encoding="UTF-8"?>
<!-- Generated by org.testng.reporters.JUnitXMLReporter -->
<testsuite ignored="0" hostname="NHAT-PC" failures="1" tests="21" name="TC_GioHang_Full" time="135.888" errors="0" timestamp="2026-03-03T17:52:45 ICT">
  <testcase classname="dtm.tests.TC_GioHangTest" name="cancelTaiStep1" time="0.514"/>
  <testcase classname="dtm.tests.TC_GioHangTest" name="cancelTaiStep2" time="1.294"/>
  <testcase classname="dtm.tests.TC_GioHangTest" name="checkoutButtonKhiGioTrong" time="10.186"/>
  <testcase classname="dtm.tests.TC_GioHangTest" name="checkoutThanhCong" time="1.068"/>
  <testcase classname="dtm.tests.TC_GioHangTest" name="checkoutThieuFirstName" time="11.555"/>
  <testcase classname="dtm.tests.TC_GioHangTest" name="checkoutThieuLastName" time="1.346"/>
  <testcase classname="dtm.tests.TC_GioHangTest" name="checkoutThieuZipCode" time="1.172"/>
  <testcase classname="dtm.tests.TC_GioHangTest" name="continueShopping" time="0.412"/>
  <testcase classname="dtm.tests.TC_GioHangTest" name="gioHangResetSauDatHang" time="11.839"/>
  <testcase classname="dtm.tests.TC_GioHangTest" name="kiemTraTongTien" time="1.741"/>
  <testcase classname="dtm.tests.TC_GioHangTest" name="problemUserGioHang" time="1.211">
    <failure type="java.lang.AssertionError" message="[BUG] problem_user: Badge sau xóa phải là 0, thực tế: 1 – Bug đã biết trên problem_user expected [0] but found [1]">
      <![CDATA[java.lang.AssertionError: [BUG] problem_user: Badge sau xóa phải là 0, thực tế: 1 – Bug đã biết trên problem_user expected [0] but found [1]
at dtm.tests.TC_GioHangTest.problemUserGioHang(TC_GioHangTest.java:520)
at java.base/java.util.ArrayList.forEach(ArrayList.java:1596)
... Removed 35 stack frames]]>
    </failure>
  </testcase> <!-- problemUserGioHang -->
  <testcase classname="dtm.tests.TC_GioHangTest" name="sortGiaGiamDan" time="0.246"/>
  <testcase classname="dtm.tests.TC_GioHangTest" name="sortGiaTangDan" time="0.26"/>
  <testcase classname="dtm.tests.TC_GioHangTest" name="sortTenAZ" time="0.229"/>
  <testcase classname="dtm.tests.TC_GioHangTest" name="sortTenZA" time="0.212"/>
  <testcase classname="dtm.tests.TC_GioHangTest" name="tenSanPhamTrongGioKhop" time="0.797"/>
  <testcase classname="dtm.tests.TC_GioHangTest" name="them3SanPham" time="0.448"/>
  <testcase classname="dtm.tests.TC_GioHangTest" name="themMotSanPham" time="0.301"/>
  <testcase classname="dtm.tests.TC_GioHangTest" name="themTatCa6SanPham" time="0.937"/>
  <testcase classname="dtm.tests.TC_GioHangTest" name="xoaHetSanPham" time="30.77"/>
  <testcase classname="dtm.tests.TC_GioHangTest" name="xoaMotSanPham" time="0.763"/>
</testsuite> <!-- TC_GioHang_Full -->
