<?xml version="1.0" encoding="UTF-8"?>
<!-- Generated by org.testng.reporters.JUnitXMLReporter -->
<testsuite ignored="0" hostname="NHAT-PC" failures="0" tests="6" name="Parallel Test" time="17.657" errors="0" timestamp="2026-03-10T15:42:52 ICT">
  <testcase classname="dtm.CartTest" name="testAddToCart" time="0.294"/>
  <testcase classname="dtm.LoginTest" name="testLoginLockedUser" time="1.416"/>
  <testcase classname="dtm.LoginTest" name="testLoginSuccess" time="2.718"/>
  <testcase classname="dtm.CartTest" name="testCartPageShowsProduct" time="0.901"/>
  <testcase classname="dtm.LoginTest" name="testLoginWrongPassword" time="0.911"/>
  <testcase classname="dtm.CartTest" name="testRemoveFromCart" time="0.502"/>
</testsuite> <!-- Parallel Test -->
