<?xml version="1.0" encoding="UTF-8"?>
<!-- Generated by org.testng.reporters.JUnitReportReporter -->
<testsuite hostname="NHAT-PC" failures="0" tests="3" name="dtm.LoginTest" time="12.639" errors="0" timestamp="2026-03-10T15:34:09 ICT" skipped="0">
  <testcase classname="dtm.LoginTest" name="testLoginWrongPassword" time="6.566"/>
  <testcase classname="dtm.LoginTest" name="testLoginLockedUser" time="2.981"/>
  <testcase classname="dtm.LoginTest" name="testLoginSuccess" time="3.092"/>
</testsuite> <!-- dtm.LoginTest -->
